This file contains any messages produced by compilers while
running configure, to aid debugging if configure makes a mistake.

It was created by configure, which was
generated by GNU Autoconf 2.52.20210509.  Invocation command line was

  $ ./configure --prefix=/Users/avolcy/local

## ---------- ##
## Platform.  ##
## ---------- ##

hostname = cbr13s1.42barcelona.com
uname -m = x86_64
uname -r = 19.6.0
uname -s = Darwin
uname -v = Darwin Kernel Version 19.6.0: Thu Oct 29 22:56:45 PDT 2020; root:xnu-6153.141.2.2~1/RELEASE_X86_64

/usr/bin/uname -p = i386
/bin/uname -X     = unknown

/bin/arch              = unknown
/usr/bin/arch -k       = unknown
/usr/convex/getsysinfo = unknown
hostinfo               = Mach kernel version:
	 Darwin Kernel Version 19.6.0: Thu Oct 29 22:56:45 PDT 2020; root:xnu-6153.141.2.2~1/RELEASE_X86_64
Kernel configured for up to 6 processors.
6 processors are physically available.
6 processors are logically available.
Processor type: x86_64h (Intel x86-64h Haswell)
Processors active: 0 1 2 3 4 5
Primary memory available: 8.00 gigabytes
Default processor set: 315 tasks, 1502 threads, 6 processors
Load average: 1.33, Mach factor: 4.66
/bin/machine           = unknown
/usr/bin/oslevel       = unknown
/bin/universe          = unknown

PATH = /Users/avolcy/.brew/bin:/usr/local/bin:/usr/bin:/bin:/usr/sbin:/sbin:/Applications/VMware Fusion.app/Contents/Public:/usr/local/go/bin:/usr/local/munki

## ------------ ##
## Core tests.  ##
## ------------ ##

configure:1170: PATH=".;."; conftest.sh
./configure: line 1171: conftest.sh: command not found
configure:1173: $? = 127
configure:1190: checking for ggrep
configure:1216: result: no
configure:1190: checking for grep
configure:1205: found /usr/bin/grep
configure:1213: result: grep
configure:1224: checking for egrep
configure:1280: result: grep -E
configure:1290: result: Configuring NCURSES 6.3 ABI 6 (Mon May 20 15:27:39 CEST 2024)
configure:1294: checking for package version
configure:1315: result: 6.3
configure:1318: checking for package patch date
configure:1335: result: 20211021
configure:1346: testing ABI VERSION 5:0:10 ...
configure:1350: testing VERSION_MAJOR 6 ...
configure:1354: testing VERSION_MINOR 3 ...
configure:1358: testing VERSION_PATCH 20211021 ...
configure:1500: checking build system type
configure:1518: result: x86_64-apple-darwin19.6.0
configure:1525: checking host system type
configure:1539: result: x86_64-apple-darwin19.6.0
configure:1547: checking target system type
configure:1561: result: x86_64-apple-darwin19.6.0
configure:1593: result: Configuring for darwin19.6.0
configure:1618: checking for fgrep
configure:1674: result: grep -F
configure:1678: checking for prefix
configure:1690: result: /Users/avolcy/local
configure:1819: checking for gnatgcc
configure:1845: result: no
configure:1819: checking for gcc
configure:1834: found /usr/bin/gcc
configure:1842: result: gcc
configure:1860: checking for C compiler version
configure:1863: gcc --version </dev/null >&5
Configured with: --prefix=/Library/Developer/CommandLineTools/usr --with-gxx-include-dir=/Library/Developer/CommandLineTools/SDKs/MacOSX10.15.sdk/usr/include/c++/4.2.1
Apple clang version 12.0.0 (clang-1200.0.32.29)
Target: x86_64-apple-darwin19.6.0
Thread model: posix
InstalledDir: /Library/Developer/CommandLineTools/usr/bin
configure:1866: $? = 0
configure:1868: gcc -v </dev/null >&5
Configured with: --prefix=/Library/Developer/CommandLineTools/usr --with-gxx-include-dir=/Library/Developer/CommandLineTools/SDKs/MacOSX10.15.sdk/usr/include/c++/4.2.1
Apple clang version 12.0.0 (clang-1200.0.32.29)
Target: x86_64-apple-darwin19.6.0
Thread model: posix
InstalledDir: /Library/Developer/CommandLineTools/usr/bin
configure:1871: $? = 0
configure:1873: gcc -V </dev/null >&5
clang: error: argument to '-V' is missing (expected 1 value)
clang: error: no input files
configure:1876: $? = 1
configure:1896: checking for C compiler default output
configure:1899: gcc    conftest.c  >&5
configure:1902: $? = 0
configure:1931: result: a.out
configure:1936: checking whether the C compiler works
configure:1942: ./a.out
configure:1945: $? = 0
configure:1960: result: yes
configure:1967: checking whether we are cross compiling
configure:1969: result: no
configure:1972: checking for executable suffix
configure:1974: gcc -o conftest    conftest.c  >&5
configure:1977: $? = 0
configure:1999: result: 
configure:2005: checking for object suffix
configure:2023: gcc -c   conftest.c >&5
configure:2026: $? = 0
configure:2045: result: o
configure:2049: checking whether we are using the GNU C compiler
configure:2070: gcc -c   conftest.c >&5
configure:2073: $? = 0
configure:2076: test -s conftest.o
configure:2079: $? = 0
configure:2091: result: yes
configure:2097: checking whether gcc accepts -g
configure:2115: gcc -c -g  conftest.c >&5
configure:2118: $? = 0
configure:2121: test -s conftest.o
configure:2124: $? = 0
configure:2134: result: yes
configure:2161: gcc -c -g -O2  conftest.c >&5
conftest.c:2:3: error: unknown type name 'choke'
  choke me
  ^
conftest.c:2:11: error: expected ';' after top level declarator
  choke me
          ^
          ;
2 errors generated.
configure:2164: $? = 1
configure: failed program was:
#ifndef __cplusplus
  choke me
#endif
configure:2265: checking version of gcc
configure:2269: result: 12.0.0
configure:2329: checking if this is really Clang C compiler
configure:2350: gcc -c -g -O2  conftest.c >&5
configure:2353: $? = 0
configure:2356: test -s conftest.o
configure:2359: $? = 0
configure:2369: result: yes
configure:2385: checking version of gcc
configure:2389: result: 12.0.0
configure:2396: checking if option -Qunused-arguments works
configure:2415: gcc -o conftest -g -O2 -Qunused-arguments   conftest.c  >&5
configure:2418: $? = 0
configure:2421: test -s conftest
configure:2424: $? = 0
configure:2435: result: yes
configure:2441: testing adding option -Qunused-arguments ...
configure:2396: checking if option -Wno-error=implicit-function-declaration works
configure:2415: gcc -o conftest -g -O2 -Qunused-arguments -Wno-error=implicit-function-declaration   conftest.c  >&5
configure:2418: $? = 0
configure:2421: test -s conftest
configure:2424: $? = 0
configure:2435: result: yes
configure:2441: testing adding option -Wno-error=implicit-function-declaration ...
configure:2450: checking for gcc option to accept ANSI C
configure:2507: gcc  -c -g -O2 -Qunused-arguments -Wno-error=implicit-function-declaration  conftest.c >&5
configure:2510: $? = 0
configure:2513: test -s conftest.o
configure:2516: $? = 0
configure:2533: result: none needed
configure:2544: checking $CFLAGS variable
configure:2658: result: ok
configure:2663: checking $CC variable
configure:2798: result: ok
configure:2809: checking how to run the C preprocessor
configure:2835: gcc -E  conftest.c
configure:2841: $? = 0
configure:2868: gcc -E  conftest.c
configure:2865:10: fatal error: 'ac_nonexistent.h' file not found
#include <ac_nonexistent.h>
         ^~~~~~~~~~~~~~~~~~
1 error generated.
configure:2874: $? = 1
configure: failed program was:
#line 2864 "configure"
#include "confdefs.h"
#include <ac_nonexistent.h>
configure:2911: result: gcc -E
configure:2926: gcc -E  conftest.c
configure:2932: $? = 0
configure:2959: gcc -E  conftest.c
configure:2956:10: fatal error: 'ac_nonexistent.h' file not found
#include <ac_nonexistent.h>
         ^~~~~~~~~~~~~~~~~~
1 error generated.
configure:2965: $? = 1
configure: failed program was:
#line 2955 "configure"
#include "confdefs.h"
#include <ac_nonexistent.h>
configure:3006: checking whether gcc needs -traditional
configure:3029:10: fatal error: 'termio.h' file not found
#include <termio.h>
         ^~~~~~~~~~
1 error generated.
configure:3041: result: no
configure:3048: checking whether gcc understands -c and -o together
configure:3063: gcc -g -O2 -Qunused-arguments -Wno-error=implicit-function-declaration  -c conftest.c -o conftest2.o >&5
configure:3066: $? = 0
configure:3068: gcc -g -O2 -Qunused-arguments -Wno-error=implicit-function-declaration  -c conftest.c -o conftest2.o >&5
configure:3071: $? = 0
configure:3082: result: yes
configure:3099: checking for ldconfig
configure:3130: result: no
configure:3138: checking if you want to ensure bool is consistent with C++
configure:3148: result: yes
configure:3205: checking for g++
configure:3220: found /usr/bin/g++
configure:3228: result: g++
configure:3243: checking for C++ compiler version
configure:3246: g++ --version </dev/null >&5
Configured with: --prefix=/Library/Developer/CommandLineTools/usr --with-gxx-include-dir=/Library/Developer/CommandLineTools/SDKs/MacOSX10.15.sdk/usr/include/c++/4.2.1
Apple clang version 12.0.0 (clang-1200.0.32.29)
Target: x86_64-apple-darwin19.6.0
Thread model: posix
InstalledDir: /Library/Developer/CommandLineTools/usr/bin
configure:3249: $? = 0
configure:3251: g++ -v </dev/null >&5
Configured with: --prefix=/Library/Developer/CommandLineTools/usr --with-gxx-include-dir=/Library/Developer/CommandLineTools/SDKs/MacOSX10.15.sdk/usr/include/c++/4.2.1
Apple clang version 12.0.0 (clang-1200.0.32.29)
Target: x86_64-apple-darwin19.6.0
Thread model: posix
InstalledDir: /Library/Developer/CommandLineTools/usr/bin
configure:3254: $? = 0
configure:3256: g++ -V </dev/null >&5
clang: error: argument to '-V' is missing (expected 1 value)
clang: error: no input files
configure:3259: $? = 1
configure:3262: checking whether we are using the GNU C++ compiler
configure:3283: g++ -c   conftest.cc >&5
configure:3286: $? = 0
configure:3289: test -s conftest.o
configure:3292: $? = 0
configure:3304: result: yes
configure:3310: checking whether g++ accepts -g
configure:3328: g++ -c -g  conftest.cc >&5
configure:3331: $? = 0
configure:3334: test -s conftest.o
configure:3337: $? = 0
configure:3347: result: yes
configure:3387: g++ -c -g -O2  conftest.cc >&5
configure:3390: $? = 0
configure:3393: test -s conftest.o
configure:3396: $? = 0
configure:3418: g++ -c -g -O2  conftest.cc >&5
configure:3411:1: error: use of undeclared identifier 'exit'
exit (42);
^
1 error generated.
configure:3421: $? = 1
configure: failed program was:
#line 3406 "configure"
#include "confdefs.h"

int
main (void)
{
exit (42);
  ;
  return 0;
}
configure:3387: g++ -c -g -O2  conftest.cc >&5
configure:3390: $? = 0
configure:3393: test -s conftest.o
configure:3396: $? = 0
configure:3418: g++ -c -g -O2  conftest.cc >&5
configure:3421: $? = 0
configure:3424: test -s conftest.o
configure:3427: $? = 0
configure:3461: checking if g++ works
configure:3486: g++ -c -g -O2  -I/Users/avolcy/local/include conftest.cc >&5
configure:3489: $? = 0
configure:3492: test -s conftest.o
configure:3495: $? = 0
configure:3506: result: yes
configure:3526: checking for g++
configure:3543: found /usr/bin/g++
configure:3554: result: /usr/bin/g++
configure:3573: checking version of /usr/bin/g++
configure:3581: result: 12.0.0
configure:3594: checking if you want to build C++ binding and demo
configure:3604: result: yes
configure:3607: checking if you want to build with Ada
configure:3609: result: yes
configure:3612: checking if you want to install terminal database
configure:3622: result: yes
configure:3625: checking if you want to install manpages
configure:3635: result: yes
configure:3638: checking if you want to build programs such as tic
configure:3648: result: yes
configure:3676: checking if you want to build test-programs
configure:3686: result: yes
configure:3689: checking if you wish to install curses.h
configure:3699: result: yes
configure:3724: checking for mawk
configure:3750: result: no
configure:3724: checking for gawk
configure:3750: result: no
configure:3724: checking for nawk
configure:3750: result: no
configure:3724: checking for awk
configure:3739: found /usr/bin/awk
configure:3747: result: awk
configure:3773: checking for a BSD compatible install
configure:3822: result: /usr/bin/install -c
configure:3847: checking for lint
configure:3873: result: no
configure:3847: checking for cppcheck
configure:3873: result: no
configure:3847: checking for splint
configure:3873: result: no
configure:3886: checking whether ln -s works
configure:3890: result: yes
configure:3897: checking if ln -s -f options work
configure:3909: result: yes
configure:3914: checking for long file names
configure:3953: result: yes
configure:3982: checking if you want to use pkg-config
configure:3992: result: yes
configure:4044: checking for pkg-config
configure:4073: result: none
configure:4126: WARNING: pkg-config is not installed
configure:4132: checking for pkg-config library directory
configure:4227: checking for first directory
configure:4238: result: none
configure:4251: checking if we should install .pc files
configure:4262: result: no
configure:4335: checking if we should assume mixed-case filenames
configure:4345: result: auto
configure:4349: checking if filesystem supports mixed-case filenames
configure:4376: result: no
configure:4395: checking whether make sets ${MAKE}
configure:4415: result: yes
configure:4424: checking for ".PHONY" make-support
** making always.out 1
echo 1 > always.out
** making always 1
** making once.out 1
echo 1 > once.out
** making once 1
make: Nothing to be done for 'always'.
touch once
** making always.out 2
echo 2 > always.out
** making always 2
** making once.out 2
echo 2 > once.out
make: Nothing to be done for 'always'.
make: 'once' is up to date.
** making always.out 3
echo 3 > always.out
** making always 3
** making once.out 3
echo 3 > once.out
make: Nothing to be done for 'always'.
make: 'once' is up to date.
configure:4479: result: yes
configure:4490: checking for exctags
configure:4516: result: no
configure:4490: checking for ctags
configure:4505: found /usr/bin/ctags
configure:4513: result: ctags
configure:4527: checking for exetags
configure:4553: result: no
configure:4527: checking for etags
configure:4553: result: no
configure:4562: checking for ctags
configure:4577: found /usr/bin/ctags
configure:4586: result: yes
configure:4643: checking for makeflags variable
configure:4681: result: 
configure:4722: checking for ranlib
configure:4737: found /usr/bin/ranlib
configure:4746: result: ranlib
configure:4796: checking for ld
configure:4811: found /usr/bin/ld
configure:4820: result: ld
configure:4870: checking for ar
configure:4885: found /usr/bin/ar
configure:4894: result: ar
configure:4944: checking for nm
configure:4959: found /usr/bin/nm
configure:4968: result: nm
configure:5018: checking for ar
configure:5042: result: ar
configure:5054: checking for options to update archives
configure:5094: gcc -c -g -O2 -Qunused-arguments -Wno-error=implicit-function-declaration  conftest.c >&5
configure:5097: $? = 0
ar  -curvU conftest.a conftest.o
/Library/Developer/CommandLineTools/usr/bin/ar: illegal option -- U
usage:  ar -d [-TLsv] archive file ...
	ar -m [-TLsv] archive file ...
	ar -m [-abiTLsv] position archive file ...
	ar -p [-TLsv] archive [file ...]
	ar -q [-cTLsv] archive file ...
	ar -r [-cuTLsv] archive file ...
	ar -r [-abciuTLsv] position archive file ...
	ar -t [-TLsv] archive [file ...]
	ar -x [-ouTLsv] archive [file ...]
configure:5094: gcc -c -g -O2 -Qunused-arguments -Wno-error=implicit-function-declaration  conftest.c >&5
configure:5097: $? = 0
ar  -curv conftest.a conftest.o
configure:5118: result: -curv
configure:5129: checking if you have specified an install-prefix
configure:5142: result: 
configure:5306: checking if libtool -version-number should be used
configure:5323: result: yes
configure:5372: checking if you want to build libraries with libtool
configure:5382: result: no
configure:5692: checking if you want to build shared libraries
configure:5702: result: no
configure:5706: checking if you want to build static libraries
configure:5716: result: yes
configure:5720: checking if you want to build debug libraries
configure:5730: result: yes
configure:5734: checking if you want to build profiling libraries
configure:5744: result: no
configure:5769: checking for specified models
configure:5773: result:  normal debug
configure:5778: checking for default model
configure:5781: result: normal
configure:5795: checking if you want to have a library-prefix
configure:5805: result: auto
configure:5836: checking for PATH separator
configure:5843: result: :
configure:5848: checking if you want to build a separate terminfo library
configure:5858: result: no
configure:5861: checking if you want to build a separate tic library
configure:5871: result: no
configure:5884: checking for default loader flags
configure:5893: result: 
configure:5933: checking for an rpath option
configure:5964: result: 
configure:6043: checking if release/abi version should be used for shared libs
configure:6069: result: auto
configure:6092: checking which gcc option to use
configure:6111: gcc -c -g -O2 -Qunused-arguments -Wno-error=implicit-function-declaration -fPIC  conftest.c >&5
configure:6114: $? = 0
configure:6117: test -s conftest.o
configure:6120: $? = 0
configure:6129: result: -fPIC
configure:6200: checking if ld -search_paths_first works
configure:6221: gcc -o conftest -g -O2 -Qunused-arguments -Wno-error=implicit-function-declaration   -Wl,-search_paths_first conftest.c  >&5
configure:6224: $? = 0
configure:6227: test -s conftest
configure:6230: $? = 0
configure:6241: result: yes
configure:6671: checking if CFLAGS option -no-cpp-precomp works
configure:6673: gcc -c -g -O2 -Qunused-arguments -Wno-error=implicit-function-declaration -no-cpp-precomp  conftest.c >&5
configure:6676: $? = 0
configure:6678: result: yes
configure:6697: testing CC_SHARED_OPTS: -dynamic ...
configure:6701: testing MK_SHARED_LIB:  ${CC} ${LDFLAGS} ${CFLAGS} -dynamiclib -install_name ${libdir}/`basename $@` -compatibility_version ${ABI_VERSION} -current_version ${ABI_VERSION} -o $@ ...
configure:6953: checking if you want to link with the GPM mouse library
configure:6963: result: maybe
configure:6967: checking for gpm.h
configure:6977: gcc -E  conftest.c
configure:6974:10: fatal error: 'gpm.h' file not found
#include <gpm.h>
         ^~~~~~~
1 error generated.
configure:6983: $? = 1
configure: failed program was:
#line 6973 "configure"
#include "confdefs.h"
#include <gpm.h>
configure:7002: result: no
configure:7543: checking if you want to use PCRE2 for regular-expressions
configure:7552: result: no
configure:8043: checking if you want to disable library suffixes
configure:8060: result: no
configure:8329: checking if you want to disable extra LDFLAGS for package-scripts
configure:8346: result: no
configure:8354: checking if you wish to append extra suffix to header/library paths
configure:8373: result: 
configure:8377: checking if you wish to install ncurses overwriting curses
configure:8387: result: no
configure:8390: checking if external terminfo-database is used
configure:8400: result: yes
configure:8416: checking which terminfo source-file will be installed
configure:8424: result: ${top_srcdir}/misc/terminfo.src
configure:8427: checking whether to use hashed database instead of directory/tree
configure:8437: result: no
configure:8443: checking for list of fallback descriptions
configure:8453: result: 
configure:8512: checking for tic
configure:8527: found /usr/bin/tic
configure:8535: result: tic
configure:8585: checking for infocmp
configure:8600: found /usr/bin/infocmp
configure:8608: result: infocmp
configure:8951: checking if you want modern xterm or antique
configure:8965: result: xterm-new
configure:8969: checking if xterm backspace sends BS or DEL
configure:8990: result: BS
configure:9000: checking for list of terminfo directories
configure:9063: result: /Users/avolcy/local/share/terminfo
configure:9078: checking for default terminfo directory
configure:9123: result: /Users/avolcy/local/share/terminfo
configure:9134: checking if big-core option selected
configure:9160: gcc -o conftest -g -O2 -Qunused-arguments -Wno-error=implicit-function-declaration -no-cpp-precomp   -Wl,-search_paths_first conftest.c  >&5
configure:9163: $? = 0
configure:9165: ./conftest
configure:9168: $? = 0
configure:9180: result: yes
configure:9190: checking if big-strings option selected
configure:9214: result: yes
configure:9221: checking if you want termcap-fallback support
configure:9231: result: no
configure:9365: checking if ~/.terminfo is wanted
configure:9375: result: yes
configure:9382: checking if you want to permit root to use ncurses environment variables
configure:9392: result: yes
configure:9399: checking if you want to permit setuid programs to access all files
configure:9409: result: yes
configure:9424: checking for unistd.h
configure:9434: gcc -E  conftest.c
configure:9440: $? = 0
configure:9459: result: yes
configure:9474: checking for remove
configure:9511: gcc -o conftest -g -O2 -Qunused-arguments -Wno-error=implicit-function-declaration -no-cpp-precomp   -Wl,-search_paths_first conftest.c  >&5
configure:9514: $? = 0
configure:9517: test -s conftest
configure:9520: $? = 0
configure:9530: result: yes
configure:9474: checking for unlink
configure:9511: gcc -o conftest -g -O2 -Qunused-arguments -Wno-error=implicit-function-declaration -no-cpp-precomp   -Wl,-search_paths_first conftest.c  >&5
configure:9514: $? = 0
configure:9517: test -s conftest
configure:9520: $? = 0
configure:9530: result: yes
configure:9614: checking if link/symlink functions work
configure:9665: gcc -o conftest -g -O2 -Qunused-arguments -Wno-error=implicit-function-declaration -no-cpp-precomp   -Wl,-search_paths_first conftest.c  >&5
configure:9668: $? = 0
configure:9670: ./conftest
configure:9673: $? = 0
configure:9665: gcc -o conftest -g -O2 -Qunused-arguments -Wno-error=implicit-function-declaration -no-cpp-precomp   -Wl,-search_paths_first conftest.c  >&5
configure:9668: $? = 0
configure:9670: ./conftest
configure:9673: $? = 0
configure:9691: result:  link symlink
configure:9711: checking if tic should use symbolic links
configure:9721: result: no
configure:9728: checking if tic should use hard links
configure:9735: result: yes
configure:9751: checking if you want broken-linker support code
configure:9761: result: no
configure:9775: checking if tputs should process BSD-style prefix padding
configure:9785: result: no
configure:9804: checking if the POSIX test-macros are already defined
configure:9830: gcc -c -g -O2 -Qunused-arguments -Wno-error=implicit-function-declaration -no-cpp-precomp  conftest.c >&5
configure:9833: $? = 0
configure:9836: test -s conftest.o
configure:9839: $? = 0
configure:9850: result: no
configure:11337: testing add to $CPPFLAGS -D_DARWIN_C_SOURCE ...
configure:11681: checking if SIGWINCH is defined
configure:11703: gcc -c -g -O2 -Qunused-arguments -Wno-error=implicit-function-declaration -no-cpp-precomp -D_DARWIN_C_SOURCE conftest.c >&5
configure:11706: $? = 0
configure:11709: test -s conftest.o
configure:11712: $? = 0
configure:11760: result: yes
configure:11830: checking for nl_langinfo and CODESET
configure:11848: gcc -o conftest -g -O2 -Qunused-arguments -Wno-error=implicit-function-declaration -no-cpp-precomp -D_DARWIN_C_SOURCE  -Wl,-search_paths_first conftest.c  >&5
configure:11851: $? = 0
configure:11854: test -s conftest
configure:11857: $? = 0
configure:11868: result: yes
configure:11882: checking if you want wide-character code
configure:11892: result: no
configure:13251: checking whether to enable _LP64 definition in curses.h
configure:13261: result: yes
configure:13277: checking for special C compiler options needed for large files
configure:13351: result: no
configure:13357: checking for _FILE_OFFSET_BITS value needed for large files
configure:13385: gcc -c -g -O2 -Qunused-arguments -Wno-error=implicit-function-declaration -no-cpp-precomp -D_DARWIN_C_SOURCE conftest.c >&5
configure:13388: $? = 0
configure:13391: test -s conftest.o
configure:13394: $? = 0
configure:13444: result: no
configure:13454: checking for _LARGE_FILES value needed for large files
configure:13482: gcc -c -g -O2 -Qunused-arguments -Wno-error=implicit-function-declaration -no-cpp-precomp -D_DARWIN_C_SOURCE conftest.c >&5
configure:13485: $? = 0
configure:13488: test -s conftest.o
configure:13491: $? = 0
configure:13541: result: no
configure:13554: checking for _LARGEFILE_SOURCE value needed for large files
configure:13574: gcc -c -g -O2 -Qunused-arguments -Wno-error=implicit-function-declaration -no-cpp-precomp -D_DARWIN_C_SOURCE conftest.c >&5
configure:13567:9: warning: address of function 'fseeko' will always evaluate to 'true' [-Wpointer-bool-conversion]
return !fseeko;
       ~^~~~~~
configure:13567:9: note: prefix with the address-of operator to silence this warning
return !fseeko;
        ^
        &
1 warning generated.
configure:13577: $? = 0
configure:13580: test -s conftest.o
configure:13583: $? = 0
configure:13625: result: no
configure:13639: checking for fseeko
configure:13657: gcc -o conftest -g -O2 -Qunused-arguments -Wno-error=implicit-function-declaration -no-cpp-precomp -D_DARWIN_C_SOURCE  -Wl,-search_paths_first conftest.c  >&5
configure:13650:8: warning: address of function 'fseeko' will always evaluate to 'true' [-Wpointer-bool-conversion]
return fseeko && fseeko (stdin, 0, 0);
       ^~~~~~ ~~
configure:13650:8: note: prefix with the address-of operator to silence this warning
return fseeko && fseeko (stdin, 0, 0);
       ^
       &
1 warning generated.
configure:13660: $? = 0
configure:13663: test -s conftest
configure:13666: $? = 0
configure:13676: result: yes
configure:13715: checking whether to use struct dirent64
configure:13745: gcc -c -g -O2 -Qunused-arguments -Wno-error=implicit-function-declaration -no-cpp-precomp -D_DARWIN_C_SOURCE conftest.c >&5
configure:13733:28: error: conflicting types for 'readdir'
                extern struct dirent64 * readdir(DIR *);
                                         ^
/Library/Developer/CommandLineTools/SDKs/MacOSX10.15.sdk/usr/include/dirent.h:109:16: note: previous declaration is here
struct dirent *readdir(DIR *) __DARWIN_INODE64(readdir);
               ^
configure:13736:13: error: 'struct dirent64 *' and 'struct dirent *' are not pointers to compatible types
                int z = x - y;
                        ~ ^ ~
2 errors generated.
configure:13748: $? = 1
configure: failed program was:
#line 13722 "configure"
#include "confdefs.h"

#pragma GCC diagnostic error "-Wincompatible-pointer-types"
#include <sys/types.h>
#include <dirent.h>

int
main (void)
{

		/* if transitional largefile support is setup, this is true */
		extern struct dirent64 * readdir(DIR *);
		struct dirent64 *x = readdir((DIR *)0);
		struct dirent *y = readdir((DIR *)0);
		int z = x - y;
		(void)z;

  ;
  return 0;
}
configure:13765: result: no
configure:13775: checking if you want tparm not to use X/Open fixed-parameter list
configure:13785: result: yes
configure:13809: checking if you want to enable wattr* macros
configure:13821: result: no
configure:13829: checking for X11 rgb file
configure:13901: result: ${exec_prefix}/lib/X11/rgb.txt
configure:13915: checking for type of bool
configure:13925: result: auto
configure:13928: checking for alternate terminal capabilities file
configure:13939: result: Caps
configure:13943: checking for type of chtype
configure:13953: result: uint32_t
configure:13957: checking for type of ospeed
configure:13967: result: short
configure:13971: checking for type of mmask_t
configure:13981: result: uint32_t
configure:13985: checking for size CCHARW_MAX
configure:13995: result: 5
configure:13998: checking for ANSI C header files
configure:14012: gcc -E -D_DARWIN_C_SOURCE conftest.c
configure:14018: $? = 0
configure:14105: gcc -o conftest -g -O2 -Qunused-arguments -Wno-error=implicit-function-declaration -no-cpp-precomp -D_DARWIN_C_SOURCE  -Wl,-search_paths_first conftest.c  >&5
configure:14108: $? = 0
configure:14110: ./conftest
configure:14113: $? = 0
configure:14126: result: yes
configure:14142: checking for sys/types.h
configure:14154: gcc -c -g -O2 -Qunused-arguments -Wno-error=implicit-function-declaration -no-cpp-precomp -D_DARWIN_C_SOURCE conftest.c >&5
configure:14157: $? = 0
configure:14160: test -s conftest.o
configure:14163: $? = 0
configure:14173: result: yes
configure:14142: checking for sys/stat.h
configure:14154: gcc -c -g -O2 -Qunused-arguments -Wno-error=implicit-function-declaration -no-cpp-precomp -D_DARWIN_C_SOURCE conftest.c >&5
configure:14157: $? = 0
configure:14160: test -s conftest.o
configure:14163: $? = 0
configure:14173: result: yes
configure:14142: checking for stdlib.h
configure:14154: gcc -c -g -O2 -Qunused-arguments -Wno-error=implicit-function-declaration -no-cpp-precomp -D_DARWIN_C_SOURCE conftest.c >&5
configure:14157: $? = 0
configure:14160: test -s conftest.o
configure:14163: $? = 0
configure:14173: result: yes
configure:14142: checking for string.h
configure:14154: gcc -c -g -O2 -Qunused-arguments -Wno-error=implicit-function-declaration -no-cpp-precomp -D_DARWIN_C_SOURCE conftest.c >&5
configure:14157: $? = 0
configure:14160: test -s conftest.o
configure:14163: $? = 0
configure:14173: result: yes
configure:14142: checking for memory.h
configure:14154: gcc -c -g -O2 -Qunused-arguments -Wno-error=implicit-function-declaration -no-cpp-precomp -D_DARWIN_C_SOURCE conftest.c >&5
configure:14157: $? = 0
configure:14160: test -s conftest.o
configure:14163: $? = 0
configure:14173: result: yes
configure:14142: checking for strings.h
configure:14154: gcc -c -g -O2 -Qunused-arguments -Wno-error=implicit-function-declaration -no-cpp-precomp -D_DARWIN_C_SOURCE conftest.c >&5
configure:14157: $? = 0
configure:14160: test -s conftest.o
configure:14163: $? = 0
configure:14173: result: yes
configure:14142: checking for inttypes.h
configure:14154: gcc -c -g -O2 -Qunused-arguments -Wno-error=implicit-function-declaration -no-cpp-precomp -D_DARWIN_C_SOURCE conftest.c >&5
configure:14157: $? = 0
configure:14160: test -s conftest.o
configure:14163: $? = 0
configure:14173: result: yes
configure:14142: checking for stdint.h
configure:14154: gcc -c -g -O2 -Qunused-arguments -Wno-error=implicit-function-declaration -no-cpp-precomp -D_DARWIN_C_SOURCE conftest.c >&5
configure:14157: $? = 0
configure:14160: test -s conftest.o
configure:14163: $? = 0
configure:14173: result: yes
configure:14142: checking for unistd.h
configure:14173: result: yes
configure:14183: checking for signed char
configure:14204: gcc -c -g -O2 -Qunused-arguments -Wno-error=implicit-function-declaration -no-cpp-precomp -D_DARWIN_C_SOURCE conftest.c >&5
configure:14207: $? = 0
configure:14210: test -s conftest.o
configure:14213: $? = 0
configure:14223: result: yes
configure:14226: checking size of signed char
configure:14390: gcc -o conftest -g -O2 -Qunused-arguments -Wno-error=implicit-function-declaration -no-cpp-precomp -D_DARWIN_C_SOURCE  -Wl,-search_paths_first conftest.c  >&5
configure:14393: $? = 0
configure:14395: ./conftest
configure:14398: $? = 0
configure:14414: result: 1
configure:14425: checking if you want to use signed Boolean array in term.h
configure:14435: result: no
configure:14440: checking for type of tparm args
configure:14450: result: intptr_t
configure:14454: checking if RCS identifiers should be compiled-in
configure:14464: result: no
configure:14473: checking format of man-pages
configure:14562: result:  normal
configure:14569: checking for manpage renaming
configure:14611: result: no
configure:14614: checking if manpage aliases will be installed
configure:14625: result: yes
configure:14639: checking if manpage symlinks should be used
configure:14658: result: yes
configure:14662: checking for manpage tbl
configure:14673: result: no
configure:15006: checking if you want to build with function extensions
configure:15016: result: yes
configure:15076: checking if you want to build with SCREEN extensions
configure:15086: result: yes
configure:15105: checking if you want to build with terminal-driver
configure:15115: result: no
configure:15136: checking for extended use of const keyword
configure:15146: result: yes
configure:15154: checking if you want to use extended colors
configure:15164: result: yes
configure:15169: WARNING: This option applies only to wide-character library
configure:15207: checking if you want to use extended mouse encoding
configure:15217: result: yes
configure:15237: checking if you want to use extended putwin/screendump
configure:15247: result: yes
configure:15257: checking if you want $NCURSES_NO_PADDING code
configure:15267: result: yes
configure:15275: checking if you want SIGWINCH handler
configure:15285: result: yes
configure:15293: checking if you want user-definable terminal capabilities like termcap
configure:15303: result: yes
configure:15310: checking if you want to link with the pthread library
configure:15320: result: no
configure:15662: checking if you want reentrant code
configure:15672: result: no
configure:15772: checking if you want opaque curses-library structures
configure:15794: result: no
configure:15803: checking if you want opaque form-library structures
configure:15813: result: no
configure:15816: checking if you want opaque menu-library structures
configure:15826: result: no
configure:15829: checking if you want opaque panel-library structures
configure:15839: result: no
configure:15872: checking if you want all development code
configure:15882: result: no
configure:15886: checking if you want hard-tabs code
configure:15896: result: no
configure:15904: checking if you want limited support for xmc
configure:15914: result: no
configure:15924: checking if you do not want to assume colors are white-on-black
configure:15934: result: yes
configure:15942: checking if you want hashmap scrolling-optimization code
configure:15952: result: yes
configure:15960: checking if you want colorfgbg code
configure:15970: result: no
configure:15978: checking if you want to use gcc -fvisibility option
configure:15988: result: no
configure:16325: checking if you want interop bindings
configure:16335: result: yes
configure:16341: checking if you want experimental safe-sprintf code
configure:16351: result: no
configure:16376: checking if you want wgetch-events code
configure:16386: result: no
configure:16437: checking if you want to see long compiling messages
configure:16471: result: yes
configure:16484: checking if you want to install stripped executables
configure:16501: result: yes
configure:16512: checking if install accepts -p option
configure:16543: result: yes
configure:16546: checking if install needs to be told about ownership
configure:16557: result: no
configure:16582: checking if you want to use C11 _Noreturn feature
configure:16599: result: no
configure:16787: checking if you want to turn on gcc warnings
configure:16804: result: no
configure:17056: checking for gcc __attribute__ directives...
checking for gcc __attribute__((scanf))
configure:17108: gcc -c -g -O2 -Qunused-arguments -Wno-error=implicit-function-declaration -no-cpp-precomp -D_DARWIN_C_SOURCE conftest.c >&5
configure:17111: $? = 0
checking for gcc __attribute__((printf))
configure:17108: gcc -c -g -O2 -Qunused-arguments -Wno-error=implicit-function-declaration -no-cpp-precomp -D_DARWIN_C_SOURCE conftest.c >&5
configure:17111: $? = 0
checking for gcc __attribute__((unused))
configure:17108: gcc -c -g -O2 -Qunused-arguments -Wno-error=implicit-function-declaration -no-cpp-precomp -D_DARWIN_C_SOURCE conftest.c >&5
configure:17111: $? = 0
checking for gcc __attribute__((noreturn))
configure:17108: gcc -c -g -O2 -Qunused-arguments -Wno-error=implicit-function-declaration -no-cpp-precomp -D_DARWIN_C_SOURCE conftest.c >&5
configure:17111: $? = 0
configure:17471: checking if you want to work around bogus compiler/loader warnings
configure:17481: result: no
configure:17753: checking if you want to enable runtime assertions
configure:17763: result: no
configure:17779: checking if you want to use dmalloc for testing
configure:17801: result: no
configure:18016: checking if you want to use dbmalloc for testing
configure:18038: result: no
configure:18253: checking if you want to use valgrind for testing
configure:18275: result: no
configure:18388: checking if you want to perform memory-leak testing
configure:18399: result: no
configure:18451: checking whether to add trace feature to all models
configure:18461: result: no
configure:18575: checking if we want to use GNAT projects
configure:18592: result: yes
configure:18606: checking for gettimeofday
configure:18643: gcc -o conftest -g -O2 -Qunused-arguments -Wno-error=implicit-function-declaration -no-cpp-precomp -D_DARWIN_C_SOURCE -DNDEBUG  -Wl,-search_paths_first conftest.c  >&5
configure:18646: $? = 0
configure:18649: test -s conftest
configure:18652: $? = 0
configure:18662: result: yes
configure:18749: checking if -lm needed for math functions
configure:18772: gcc -o conftest -g -O2 -Qunused-arguments -Wno-error=implicit-function-declaration -no-cpp-precomp -D_DARWIN_C_SOURCE -DNDEBUG  -Wl,-search_paths_first conftest.c  >&5
configure:18775: $? = 0
configure:18778: test -s conftest
configure:18781: $? = 0
configure:18791: result: no
configure:18799: checking for ANSI C header files
configure:18927: result: yes
configure:18940: checking for dirent.h that defines DIR
configure:18961: gcc -c -g -O2 -Qunused-arguments -Wno-error=implicit-function-declaration -no-cpp-precomp -D_DARWIN_C_SOURCE -DNDEBUG conftest.c >&5
configure:18964: $? = 0
configure:18967: test -s conftest.o
configure:18970: $? = 0
configure:18980: result: yes
configure:18993: checking for opendir in -ldir
configure:19020: gcc -o conftest -g -O2 -Qunused-arguments -Wno-error=implicit-function-declaration -no-cpp-precomp -D_DARWIN_C_SOURCE -DNDEBUG  -Wl,-search_paths_first conftest.c -ldir   >&5
ld: library not found for -ldir
clang: error: linker command failed with exit code 1 (use -v to see invocation)
configure:19023: $? = 1
configure: failed program was:
#line 19001 "configure"
#include "confdefs.h"

/* Override any gcc2 internal prototype to avoid an error.  */
#ifdef __cplusplus
extern "C"
#endif
/* We use char because int might match the return type of a gcc2
   builtin and then its argument prototype would still apply.  */
char opendir ();
int
main (void)
{
opendir ();
  ;
  return 0;
}
configure:19040: result: no
configure:19102: checking whether time.h and sys/time.h may both be included
configure:19124: gcc -c -g -O2 -Qunused-arguments -Wno-error=implicit-function-declaration -no-cpp-precomp -D_DARWIN_C_SOURCE -DNDEBUG conftest.c >&5
configure:19127: $? = 0
configure:19130: test -s conftest.o
configure:19133: $? = 0
configure:19143: result: yes
configure:19511: checking for regcomp
configure:19548: gcc -o conftest -g -O2 -Qunused-arguments -Wno-error=implicit-function-declaration -no-cpp-precomp -D_DARWIN_C_SOURCE -DNDEBUG  -Wl,-search_paths_first conftest.c  >&5
configure:19551: $? = 0
configure:19554: test -s conftest
configure:19557: $? = 0
configure:19567: result: yes
configure:19796: checking for regular-expression headers
configure:19871: gcc -o conftest -g -O2 -Qunused-arguments -Wno-error=implicit-function-declaration -no-cpp-precomp -D_DARWIN_C_SOURCE -DNDEBUG  -Wl,-search_paths_first conftest.c  >&5
configure:19874: $? = 0
configure:19877: test -s conftest
configure:19880: $? = 0
configure:19896: result: regex.h
configure:19938: checking for fcntl.h
configure:19948: gcc -E -D_DARWIN_C_SOURCE -DNDEBUG conftest.c
configure:19954: $? = 0
configure:19973: result: yes
configure:19938: checking for getopt.h
configure:19948: gcc -E -D_DARWIN_C_SOURCE -DNDEBUG conftest.c
configure:19954: $? = 0
configure:19973: result: yes
configure:19938: checking for limits.h
configure:19948: gcc -E -D_DARWIN_C_SOURCE -DNDEBUG conftest.c
configure:19954: $? = 0
configure:19973: result: yes
configure:19938: checking for locale.h
configure:19948: gcc -E -D_DARWIN_C_SOURCE -DNDEBUG conftest.c
configure:19954: $? = 0
configure:19973: result: yes
configure:19938: checking for math.h
configure:19948: gcc -E -D_DARWIN_C_SOURCE -DNDEBUG conftest.c
configure:19954: $? = 0
configure:19973: result: yes
configure:19938: checking for poll.h
configure:19948: gcc -E -D_DARWIN_C_SOURCE -DNDEBUG conftest.c
configure:19954: $? = 0
configure:19973: result: yes
configure:19938: checking for sys/ioctl.h
configure:19948: gcc -E -D_DARWIN_C_SOURCE -DNDEBUG conftest.c
configure:19954: $? = 0
configure:19973: result: yes
configure:19938: checking for sys/param.h
configure:19948: gcc -E -D_DARWIN_C_SOURCE -DNDEBUG conftest.c
configure:19954: $? = 0
configure:19973: result: yes
configure:19938: checking for sys/poll.h
configure:19948: gcc -E -D_DARWIN_C_SOURCE -DNDEBUG conftest.c
configure:19954: $? = 0
configure:19973: result: yes
configure:19938: checking for sys/select.h
configure:19948: gcc -E -D_DARWIN_C_SOURCE -DNDEBUG conftest.c
configure:19954: $? = 0
configure:19973: result: yes
configure:19938: checking for sys/time.h
configure:19948: gcc -E -D_DARWIN_C_SOURCE -DNDEBUG conftest.c
configure:19954: $? = 0
configure:19973: result: yes
configure:19938: checking for sys/times.h
configure:19948: gcc -E -D_DARWIN_C_SOURCE -DNDEBUG conftest.c
configure:19954: $? = 0
configure:19973: result: yes
configure:19938: checking for ttyent.h
configure:19948: gcc -E -D_DARWIN_C_SOURCE -DNDEBUG conftest.c
configure:19954: $? = 0
configure:19973: result: yes
configure:19938: checking for unistd.h
configure:19973: result: yes
configure:19938: checking for wctype.h
configure:19948: gcc -E -D_DARWIN_C_SOURCE -DNDEBUG conftest.c
configure:19954: $? = 0
configure:19973: result: yes
configure:19986: checking for unistd.h
configure:20021: result: yes
configure:19986: checking for getopt.h
configure:20021: result: yes
configure:20031: checking for header declaring getopt variables
configure:20054: gcc -c -g -O2 -Qunused-arguments -Wno-error=implicit-function-declaration -no-cpp-precomp -D_DARWIN_C_SOURCE -DNDEBUG conftest.c >&5
configure:20047:9: error: use of undeclared identifier 'optind'
int x = optind; char *y = optarg; (void)x; (void)y
        ^
configure:20047:27: error: use of undeclared identifier 'optarg'
int x = optind; char *y = optarg; (void)x; (void)y
                          ^
2 errors generated.
configure:20057: $? = 1
configure: failed program was:
#line 20041 "configure"
#include "confdefs.h"

#include <stdio.h>
int
main (void)
{
int x = optind; char *y = optarg; (void)x; (void)y
  ;
  return 0;
}
configure:20054: gcc -c -g -O2 -Qunused-arguments -Wno-error=implicit-function-declaration -no-cpp-precomp -D_DARWIN_C_SOURCE -DNDEBUG conftest.c >&5
configure:20047:9: error: use of undeclared identifier 'optind'
int x = optind; char *y = optarg; (void)x; (void)y
        ^
configure:20047:27: error: use of undeclared identifier 'optarg'
int x = optind; char *y = optarg; (void)x; (void)y
                          ^
2 errors generated.
configure:20057: $? = 1
configure: failed program was:
#line 20041 "configure"
#include "confdefs.h"

#include <stdlib.h>
int
main (void)
{
int x = optind; char *y = optarg; (void)x; (void)y
  ;
  return 0;
}
configure:20054: gcc -c -g -O2 -Qunused-arguments -Wno-error=implicit-function-declaration -no-cpp-precomp -D_DARWIN_C_SOURCE -DNDEBUG conftest.c >&5
configure:20057: $? = 0
configure:20060: test -s conftest.o
configure:20063: $? = 0
configure:20075: result: unistd.h
configure:20092: checking if external environ is declared
configure:20115: gcc -c -g -O2 -Qunused-arguments -Wno-error=implicit-function-declaration -no-cpp-precomp -D_DARWIN_C_SOURCE -DNDEBUG conftest.c >&5
configure:20108:15: error: use of undeclared identifier 'environ'; did you mean 'union'?
int x = (int) environ
              ^~~~~~~
              union
configure:20108:15: error: expected expression
2 errors generated.
configure:20118: $? = 1
configure: failed program was:
#line 20099 "configure"
#include "confdefs.h"

#ifdef HAVE_STDLIB_H
#include <stdlib.h>
#endif
#include <unistd.h>
int
main (void)
{
int x = (int) environ
  ;
  return 0;
}
configure:20135: result: no
configure:20150: checking if external environ exists
configure:20172: gcc -o conftest -g -O2 -Qunused-arguments -Wno-error=implicit-function-declaration -no-cpp-precomp -D_DARWIN_C_SOURCE -DNDEBUG  -Wl,-search_paths_first conftest.c  >&5
configure:20175: $? = 0
configure:20178: test -s conftest
configure:20181: $? = 0
configure:20192: result: yes
configure:20205: checking for getenv
configure:20242: gcc -o conftest -g -O2 -Qunused-arguments -Wno-error=implicit-function-declaration -no-cpp-precomp -D_DARWIN_C_SOURCE -DNDEBUG  -Wl,-search_paths_first conftest.c  >&5
configure:20245: $? = 0
configure:20248: test -s conftest
configure:20251: $? = 0
configure:20261: result: yes
configure:20267: checking for putenv
configure:20304: gcc -o conftest -g -O2 -Qunused-arguments -Wno-error=implicit-function-declaration -no-cpp-precomp -D_DARWIN_C_SOURCE -DNDEBUG  -Wl,-search_paths_first conftest.c  >&5
configure:20307: $? = 0
configure:20310: test -s conftest
configure:20313: $? = 0
configure:20323: result: yes
configure:20267: checking for setenv
configure:20304: gcc -o conftest -g -O2 -Qunused-arguments -Wno-error=implicit-function-declaration -no-cpp-precomp -D_DARWIN_C_SOURCE -DNDEBUG  -Wl,-search_paths_first conftest.c  >&5
configure:20307: $? = 0
configure:20310: test -s conftest
configure:20313: $? = 0
configure:20323: result: yes
configure:20267: checking for strdup
configure:20304: gcc -o conftest -g -O2 -Qunused-arguments -Wno-error=implicit-function-declaration -no-cpp-precomp -D_DARWIN_C_SOURCE -DNDEBUG  -Wl,-search_paths_first conftest.c  >&5
configure:20284:6: warning: incompatible redeclaration of library function 'strdup' [-Wincompatible-library-redeclaration]
char strdup (void);
     ^
configure:20284:6: note: 'strdup' is a builtin with type 'char *(const char *)'
1 warning generated.
configure:20307: $? = 0
configure:20310: test -s conftest
configure:20313: $? = 0
configure:20323: result: yes
configure:20333: checking if getenv returns consistent values
configure:20452: gcc -o conftest -g -O2 -Qunused-arguments -Wno-error=implicit-function-declaration -no-cpp-precomp -D_DARWIN_C_SOURCE -DNDEBUG  -Wl,-search_paths_first conftest.c  >&5
configure:20455: $? = 0
configure:20457: ./conftest
configure:20460: $? = 0
configure:20473: result: yes
configure:20492: checking if sys/time.h works with sys/select.h
configure:20519: gcc -c -g -O2 -Qunused-arguments -Wno-error=implicit-function-declaration -no-cpp-precomp -D_DARWIN_C_SOURCE -DNDEBUG conftest.c >&5
configure:20522: $? = 0
configure:20525: test -s conftest.o
configure:20528: $? = 0
configure:20540: result: yes
configure:20555: checking for an ANSI C-conforming const
configure:20619: gcc -c -g -O2 -Qunused-arguments -Wno-error=implicit-function-declaration -no-cpp-precomp -D_DARWIN_C_SOURCE -DNDEBUG conftest.c >&5
configure:20622: $? = 0
configure:20625: test -s conftest.o
configure:20628: $? = 0
configure:20638: result: yes
configure:20648: checking for inline
configure:20665: gcc -c -g -O2 -Qunused-arguments -Wno-error=implicit-function-declaration -no-cpp-precomp -D_DARWIN_C_SOURCE -DNDEBUG conftest.c >&5
configure:20668: $? = 0
configure:20671: test -s conftest.o
configure:20674: $? = 0
configure:20685: result: inline
configure:20859: checking for signal global datatype
configure:20895: gcc -c -g -O2 -Qunused-arguments -Wno-error=implicit-function-declaration -no-cpp-precomp -D_DARWIN_C_SOURCE -DNDEBUG conftest.c >&5
configure:20898: $? = 0
configure:20901: test -s conftest.o
configure:20904: $? = 0
configure:20918: result: volatile sig_atomic_t
configure:21007: checking if unsigned literals are legal
configure:21026: gcc -c -g -O2 -Qunused-arguments -Wno-error=implicit-function-declaration -no-cpp-precomp -D_DARWIN_C_SOURCE -DNDEBUG conftest.c >&5
configure:21029: $? = 0
configure:21032: test -s conftest.o
configure:21035: $? = 0
configure:21047: result: yes
configure:21063: checking if external errno is declared
configure:21088: gcc -c -g -O2 -Qunused-arguments -Wno-error=implicit-function-declaration -no-cpp-precomp -D_DARWIN_C_SOURCE -DNDEBUG conftest.c >&5
configure:21091: $? = 0
configure:21094: test -s conftest.o
configure:21097: $? = 0
configure:21108: result: yes
configure:21123: checking if external errno exists
configure:21145: gcc -o conftest -g -O2 -Qunused-arguments -Wno-error=implicit-function-declaration -no-cpp-precomp -D_DARWIN_C_SOURCE -DNDEBUG  -Wl,-search_paths_first conftest.c  >&5
configure:21148: $? = 0
configure:21151: test -s conftest
configure:21154: $? = 0
configure:21165: result: yes
configure:21178: checking if data-only library module links
configure:21189: gcc -c -g -O2 -Qunused-arguments -Wno-error=implicit-function-declaration -no-cpp-precomp -D_DARWIN_C_SOURCE -DNDEBUG conftest.c >&5
configure:21192: $? = 0
configure:21212: gcc -c -g -O2 -Qunused-arguments -Wno-error=implicit-function-declaration -no-cpp-precomp -D_DARWIN_C_SOURCE -DNDEBUG conftest.c >&5
configure:21215: $? = 0
configure:21239: gcc -o conftest -g -O2 -Qunused-arguments -Wno-error=implicit-function-declaration -no-cpp-precomp -D_DARWIN_C_SOURCE -DNDEBUG  -Wl,-search_paths_first conftest.c conftest.a  >&5
warning: (x86_64)  could not find object file symbol for symbol _testdata
configure:21242: $? = 0
configure:21244: ./conftest
configure:21247: $? = 0
configure:21262: result: yes
configure:21306: checking for getcwd
configure:21343: gcc -o conftest -g -O2 -Qunused-arguments -Wno-error=implicit-function-declaration -no-cpp-precomp -D_DARWIN_C_SOURCE -DNDEBUG  -Wl,-search_paths_first conftest.c  >&5
configure:21346: $? = 0
configure:21349: test -s conftest
configure:21352: $? = 0
configure:21362: result: yes
configure:21306: checking for getegid
configure:21343: gcc -o conftest -g -O2 -Qunused-arguments -Wno-error=implicit-function-declaration -no-cpp-precomp -D_DARWIN_C_SOURCE -DNDEBUG  -Wl,-search_paths_first conftest.c  >&5
configure:21346: $? = 0
configure:21349: test -s conftest
configure:21352: $? = 0
configure:21362: result: yes
configure:21306: checking for geteuid
configure:21343: gcc -o conftest -g -O2 -Qunused-arguments -Wno-error=implicit-function-declaration -no-cpp-precomp -D_DARWIN_C_SOURCE -DNDEBUG  -Wl,-search_paths_first conftest.c  >&5
configure:21346: $? = 0
configure:21349: test -s conftest
configure:21352: $? = 0
configure:21362: result: yes
configure:21306: checking for getopt
configure:21343: gcc -o conftest -g -O2 -Qunused-arguments -Wno-error=implicit-function-declaration -no-cpp-precomp -D_DARWIN_C_SOURCE -DNDEBUG  -Wl,-search_paths_first conftest.c  >&5
configure:21346: $? = 0
configure:21349: test -s conftest
configure:21352: $? = 0
configure:21362: result: yes
configure:21306: checking for getttynam
configure:21343: gcc -o conftest -g -O2 -Qunused-arguments -Wno-error=implicit-function-declaration -no-cpp-precomp -D_DARWIN_C_SOURCE -DNDEBUG  -Wl,-search_paths_first conftest.c  >&5
configure:21346: $? = 0
configure:21349: test -s conftest
configure:21352: $? = 0
configure:21362: result: yes
configure:21306: checking for issetugid
configure:21343: gcc -o conftest -g -O2 -Qunused-arguments -Wno-error=implicit-function-declaration -no-cpp-precomp -D_DARWIN_C_SOURCE -DNDEBUG  -Wl,-search_paths_first conftest.c  >&5
configure:21346: $? = 0
configure:21349: test -s conftest
configure:21352: $? = 0
configure:21362: result: yes
configure:21306: checking for localeconv
configure:21343: gcc -o conftest -g -O2 -Qunused-arguments -Wno-error=implicit-function-declaration -no-cpp-precomp -D_DARWIN_C_SOURCE -DNDEBUG  -Wl,-search_paths_first conftest.c  >&5
configure:21346: $? = 0
configure:21349: test -s conftest
configure:21352: $? = 0
configure:21362: result: yes
configure:21306: checking for poll
configure:21343: gcc -o conftest -g -O2 -Qunused-arguments -Wno-error=implicit-function-declaration -no-cpp-precomp -D_DARWIN_C_SOURCE -DNDEBUG  -Wl,-search_paths_first conftest.c  >&5
configure:21346: $? = 0
configure:21349: test -s conftest
configure:21352: $? = 0
configure:21362: result: yes
configure:21306: checking for putenv
configure:21362: result: yes
configure:21306: checking for remove
configure:21362: result: yes
configure:21306: checking for select
configure:21343: gcc -o conftest -g -O2 -Qunused-arguments -Wno-error=implicit-function-declaration -no-cpp-precomp -D_DARWIN_C_SOURCE -DNDEBUG  -Wl,-search_paths_first conftest.c  >&5
configure:21346: $? = 0
configure:21349: test -s conftest
configure:21352: $? = 0
configure:21362: result: yes
configure:21306: checking for setbuf
configure:21343: gcc -o conftest -g -O2 -Qunused-arguments -Wno-error=implicit-function-declaration -no-cpp-precomp -D_DARWIN_C_SOURCE -DNDEBUG  -Wl,-search_paths_first conftest.c  >&5
configure:21346: $? = 0
configure:21349: test -s conftest
configure:21352: $? = 0
configure:21362: result: yes
configure:21306: checking for setbuffer
configure:21343: gcc -o conftest -g -O2 -Qunused-arguments -Wno-error=implicit-function-declaration -no-cpp-precomp -D_DARWIN_C_SOURCE -DNDEBUG  -Wl,-search_paths_first conftest.c  >&5
configure:21346: $? = 0
configure:21349: test -s conftest
configure:21352: $? = 0
configure:21362: result: yes
configure:21306: checking for setenv
configure:21362: result: yes
configure:21306: checking for setfsuid
configure:21343: gcc -o conftest -g -O2 -Qunused-arguments -Wno-error=implicit-function-declaration -no-cpp-precomp -D_DARWIN_C_SOURCE -DNDEBUG  -Wl,-search_paths_first conftest.c  >&5
Undefined symbols for architecture x86_64:
  "_setfsuid", referenced from:
      _main in conftest-64f26e.o
ld: symbol(s) not found for architecture x86_64
clang: error: linker command failed with exit code 1 (use -v to see invocation)
configure:21346: $? = 1
configure: failed program was:
#line 21312 "configure"
#include "confdefs.h"
#define setfsuid autoconf_temporary
#include <limits.h>	/* least-intrusive standard header which defines gcc2 __stub macros */
#undef setfsuid

#ifdef __cplusplus
extern "C"
#endif

/* We use char because int might match the return type of a gcc2
   builtin and then its argument prototype would still apply.  */
char setfsuid (void);

int
main (void)
{

/* The GNU C library defines stubs for functions which it implements
    to always fail with ENOSYS.  Some functions are actually named
    something starting with __ and the normal name is an alias.  */
#if defined (__stub_setfsuid) || defined (__stub___setfsuid)
#error found stub for setfsuid
#endif

	return setfsuid ();
  ;
  return 0;
}
configure:21362: result: no
configure:21306: checking for setvbuf
configure:21343: gcc -o conftest -g -O2 -Qunused-arguments -Wno-error=implicit-function-declaration -no-cpp-precomp -D_DARWIN_C_SOURCE -DNDEBUG  -Wl,-search_paths_first conftest.c  >&5
configure:21346: $? = 0
configure:21349: test -s conftest
configure:21352: $? = 0
configure:21362: result: yes
configure:21306: checking for sigaction
configure:21343: gcc -o conftest -g -O2 -Qunused-arguments -Wno-error=implicit-function-declaration -no-cpp-precomp -D_DARWIN_C_SOURCE -DNDEBUG  -Wl,-search_paths_first conftest.c  >&5
configure:21346: $? = 0
configure:21349: test -s conftest
configure:21352: $? = 0
configure:21362: result: yes
configure:21306: checking for sigvec
configure:21343: gcc -o conftest -g -O2 -Qunused-arguments -Wno-error=implicit-function-declaration -no-cpp-precomp -D_DARWIN_C_SOURCE -DNDEBUG  -Wl,-search_paths_first conftest.c  >&5
configure:21346: $? = 0
configure:21349: test -s conftest
configure:21352: $? = 0
configure:21362: result: yes
configure:21306: checking for snprintf
configure:21343: gcc -o conftest -g -O2 -Qunused-arguments -Wno-error=implicit-function-declaration -no-cpp-precomp -D_DARWIN_C_SOURCE -DNDEBUG  -Wl,-search_paths_first conftest.c  >&5
configure:21323:6: warning: incompatible redeclaration of library function 'snprintf' [-Wincompatible-library-redeclaration]
char snprintf (void);
     ^
configure:21323:6: note: 'snprintf' is a builtin with type 'int (char *, unsigned long, const char *, ...)'
1 warning generated.
configure:21346: $? = 0
configure:21349: test -s conftest
configure:21352: $? = 0
configure:21362: result: yes
configure:21306: checking for strdup
configure:21362: result: yes
configure:21306: checking for strstr
configure:21343: gcc -o conftest -g -O2 -Qunused-arguments -Wno-error=implicit-function-declaration -no-cpp-precomp -D_DARWIN_C_SOURCE -DNDEBUG  -Wl,-search_paths_first conftest.c  >&5
configure:21323:6: warning: incompatible redeclaration of library function 'strstr' [-Wincompatible-library-redeclaration]
char strstr (void);
     ^
configure:21323:6: note: 'strstr' is a builtin with type 'char *(const char *, const char *)'
1 warning generated.
configure:21346: $? = 0
configure:21349: test -s conftest
configure:21352: $? = 0
configure:21362: result: yes
configure:21306: checking for sysconf
configure:21343: gcc -o conftest -g -O2 -Qunused-arguments -Wno-error=implicit-function-declaration -no-cpp-precomp -D_DARWIN_C_SOURCE -DNDEBUG  -Wl,-search_paths_first conftest.c  >&5
configure:21346: $? = 0
configure:21349: test -s conftest
configure:21352: $? = 0
configure:21362: result: yes
configure:21306: checking for tcgetpgrp
configure:21343: gcc -o conftest -g -O2 -Qunused-arguments -Wno-error=implicit-function-declaration -no-cpp-precomp -D_DARWIN_C_SOURCE -DNDEBUG  -Wl,-search_paths_first conftest.c  >&5
configure:21346: $? = 0
configure:21349: test -s conftest
configure:21352: $? = 0
configure:21362: result: yes
configure:21306: checking for times
configure:21343: gcc -o conftest -g -O2 -Qunused-arguments -Wno-error=implicit-function-declaration -no-cpp-precomp -D_DARWIN_C_SOURCE -DNDEBUG  -Wl,-search_paths_first conftest.c  >&5
configure:21346: $? = 0
configure:21349: test -s conftest
configure:21352: $? = 0
configure:21362: result: yes
configure:21306: checking for tsearch
configure:21343: gcc -o conftest -g -O2 -Qunused-arguments -Wno-error=implicit-function-declaration -no-cpp-precomp -D_DARWIN_C_SOURCE -DNDEBUG  -Wl,-search_paths_first conftest.c  >&5
configure:21346: $? = 0
configure:21349: test -s conftest
configure:21352: $? = 0
configure:21362: result: yes
configure:21306: checking for vsnprintf
configure:21343: gcc -o conftest -g -O2 -Qunused-arguments -Wno-error=implicit-function-declaration -no-cpp-precomp -D_DARWIN_C_SOURCE -DNDEBUG  -Wl,-search_paths_first conftest.c  >&5
configure:21323:6: warning: incompatible redeclaration of library function 'vsnprintf' [-Wincompatible-library-redeclaration]
char vsnprintf (void);
     ^
configure:21323:6: note: 'vsnprintf' is a builtin with type 'int (char *, unsigned long, const char *, struct __va_list_tag *)'
1 warning generated.
configure:21346: $? = 0
configure:21349: test -s conftest
configure:21352: $? = 0
configure:21362: result: yes
configure:21517: checking for isascii
configure:21536: gcc -o conftest -g -O2 -Qunused-arguments -Wno-error=implicit-function-declaration -no-cpp-precomp -D_DARWIN_C_SOURCE -DNDEBUG  -Wl,-search_paths_first conftest.c  >&5
configure:21539: $? = 0
configure:21542: test -s conftest
configure:21545: $? = 0
configure:21556: result: yes
configure:21564: checking whether sigaction needs _POSIX_SOURCE
configure:21581: gcc -c -g -O2 -Qunused-arguments -Wno-error=implicit-function-declaration -no-cpp-precomp -D_DARWIN_C_SOURCE -DNDEBUG conftest.c >&5
configure:21584: $? = 0
configure:21587: test -s conftest.o
configure:21590: $? = 0
configure:21638: result: no
configure:21642: checking if nanosleep really works
configure:21677: gcc -o conftest -g -O2 -Qunused-arguments -Wno-error=implicit-function-declaration -no-cpp-precomp -D_DARWIN_C_SOURCE -DNDEBUG  -Wl,-search_paths_first conftest.c  >&5
configure:21680: $? = 0
configure:21682: ./conftest
configure:21685: $? = 0
configure:21697: result: yes
configure:21714: checking for termio.h
configure:21724: gcc -E -D_DARWIN_C_SOURCE -DNDEBUG conftest.c
configure:21721:10: fatal error: 'termio.h' file not found
#include <termio.h>
         ^~~~~~~~~~
1 error generated.
configure:21730: $? = 1
configure: failed program was:
#line 21720 "configure"
#include "confdefs.h"
#include <termio.h>
configure:21749: result: no
configure:21714: checking for termios.h
configure:21724: gcc -E -D_DARWIN_C_SOURCE -DNDEBUG conftest.c
configure:21730: $? = 0
configure:21749: result: yes
configure:21714: checking for unistd.h
configure:21749: result: yes
configure:21714: checking for sys/ioctl.h
configure:21749: result: yes
configure:21714: checking for sys/termio.h
configure:21724: gcc -E -D_DARWIN_C_SOURCE -DNDEBUG conftest.c
configure:21721:10: fatal error: 'sys/termio.h' file not found
#include <sys/termio.h>
         ^~~~~~~~~~~~~~
1 error generated.
configure:21730: $? = 1
configure: failed program was:
#line 21720 "configure"
#include "confdefs.h"
#include <sys/termio.h>
configure:21749: result: no
configure:21766: checking whether termios.h needs _POSIX_SOURCE
configure:21781: gcc -c -g -O2 -Qunused-arguments -Wno-error=implicit-function-declaration -no-cpp-precomp -D_DARWIN_C_SOURCE -DNDEBUG conftest.c >&5
configure:21784: $? = 0
configure:21787: test -s conftest.o
configure:21790: $? = 0
configure:21837: result: no
configure:21842: checking for tcgetattr
configure:21877: gcc -o conftest -g -O2 -Qunused-arguments -Wno-error=implicit-function-declaration -no-cpp-precomp -D_DARWIN_C_SOURCE -DNDEBUG  -Wl,-search_paths_first conftest.c  >&5
configure:21880: $? = 0
configure:21883: test -s conftest
configure:21886: $? = 0
configure:21896: result: yes
configure:21903: checking for vsscanf function or workaround
configure:21926: gcc -o conftest -g -O2 -Qunused-arguments -Wno-error=implicit-function-declaration -no-cpp-precomp -D_DARWIN_C_SOURCE -DNDEBUG  -Wl,-search_paths_first conftest.c  >&5
configure:21929: $? = 0
configure:21932: test -s conftest
configure:21935: $? = 0
configure:22028: result: vsscanf
configure:22054: checking for unistd.h
configure:22089: result: yes
configure:22099: checking for working mkstemp
configure:22151: gcc -o conftest -g -O2 -Qunused-arguments -Wno-error=implicit-function-declaration -no-cpp-precomp -D_DARWIN_C_SOURCE -DNDEBUG  -Wl,-search_paths_first conftest.c  >&5
configure:22154: $? = 0
configure:22156: ./conftest
configure:22159: $? = 0
configure:22174: result: yes
configure:22257: checking whether setvbuf arguments are reversed
configure:22285: gcc -o conftest -g -O2 -Qunused-arguments -Wno-error=implicit-function-declaration -no-cpp-precomp -D_DARWIN_C_SOURCE -DNDEBUG  -Wl,-search_paths_first conftest.c  >&5
configure:22277:23: warning: incompatible integer to pointer conversion passing 'int' to parameter of type 'char *' [-Wint-conversion]
  if (setvbuf(stdout, _IOLBF, (char *) main, BUFSIZ) != 0)
                      ^~~~~~
/Library/Developer/CommandLineTools/SDKs/MacOSX10.15.sdk/usr/include/stdio.h:100:16: note: expanded from macro '_IOLBF'
#define _IOLBF  1               /* setvbuf should set line buffered */
                ^
/Library/Developer/CommandLineTools/SDKs/MacOSX10.15.sdk/usr/include/stdio.h:179:50: note: passing argument to parameter here
int      setvbuf(FILE * __restrict, char * __restrict, int, size_t);
                                                     ^
configure:22277:31: warning: incompatible pointer to integer conversion passing 'char *' to parameter of type 'int' [-Wint-conversion]
  if (setvbuf(stdout, _IOLBF, (char *) main, BUFSIZ) != 0)
                              ^~~~~~~~~~~~~
/Library/Developer/CommandLineTools/SDKs/MacOSX10.15.sdk/usr/include/stdio.h:179:55: note: passing argument to parameter here
int      setvbuf(FILE * __restrict, char * __restrict, int, size_t);
                                                          ^
2 warnings generated.
configure:22288: $? = 0
configure:22290: ./conftest
configure:22293: $? = 1
configure: program exited with status 1
configure: failed program was:
#line 22268 "configure"
#include "confdefs.h"
#include <stdio.h>
/* If setvbuf has the reversed format, exit 0. */
int
main (void)
{
  /* This call has the arguments reversed.
     A reversed system may check and see that the address of main
     is not _IOLBF, _IONBF, or _IOFBF, and return nonzero.  */
  if (setvbuf(stdout, _IOLBF, (char *) main, BUFSIZ) != 0)
    return(1);
  putc('\r', stdout);
  return(0);			/* Non-reversed systems segv here.  */
}
configure:22306: result: no
configure:22317: checking for intptr_t
configure:22338: gcc -c -g -O2 -Qunused-arguments -Wno-error=implicit-function-declaration -no-cpp-precomp -D_DARWIN_C_SOURCE -DNDEBUG conftest.c >&5
configure:22341: $? = 0
configure:22344: test -s conftest.o
configure:22347: $? = 0
configure:22357: result: yes
configure:22369: checking for ssize_t
configure:22390: gcc -c -g -O2 -Qunused-arguments -Wno-error=implicit-function-declaration -no-cpp-precomp -D_DARWIN_C_SOURCE -DNDEBUG conftest.c >&5
configure:22393: $? = 0
configure:22396: test -s conftest.o
configure:22399: $? = 0
configure:22409: result: yes
configure:22421: checking for type sigaction_t
configure:22441: gcc -c -g -O2 -Qunused-arguments -Wno-error=implicit-function-declaration -no-cpp-precomp -D_DARWIN_C_SOURCE -DNDEBUG conftest.c >&5
configure:22434:1: error: use of undeclared identifier 'sigaction_t'; did you mean 'sigaction'?
sigaction_t x
^~~~~~~~~~~
sigaction
/Library/Developer/CommandLineTools/SDKs/MacOSX10.15.sdk/usr/include/signal.h:84:5: note: 'sigaction' declared here
int     sigaction(int, const struct sigaction * __restrict,
        ^
configure:22434:1: error: must use 'struct' tag to refer to type 'sigaction'
sigaction_t x
^
struct 
/Library/Developer/CommandLineTools/SDKs/MacOSX10.15.sdk/usr/include/signal.h:84:5: note: struct 'sigaction' is hidden by a non-type declaration of 'sigaction' here
int     sigaction(int, const struct sigaction * __restrict,
        ^
2 errors generated.
configure:22444: $? = 1
configure: failed program was:
#line 22428 "configure"
#include "confdefs.h"

#include <signal.h>
int
main (void)
{
sigaction_t x
  ;
  return 0;
}
configure:22461: result: no
configure:22468: checking declaration of size-change
configure:22539: gcc -c -g -O2 -Qunused-arguments -Wno-error=implicit-function-declaration -no-cpp-precomp -D_DARWIN_C_SOURCE -DNDEBUG conftest.c >&5
configure:22542: $? = 0
configure:22545: test -s conftest.o
configure:22548: $? = 0
size-change succeeded ()
configure:22567: result: yes
configure:22585: checking for memmove
configure:22622: gcc -o conftest -g -O2 -Qunused-arguments -Wno-error=implicit-function-declaration -no-cpp-precomp -D_DARWIN_C_SOURCE -DNDEBUG  -Wl,-search_paths_first conftest.c  >&5
configure:22602:6: warning: incompatible redeclaration of library function 'memmove' [-Wincompatible-library-redeclaration]
char memmove (void);
     ^
configure:22602:6: note: 'memmove' is a builtin with type 'void *(void *, const void *, unsigned long)'
1 warning generated.
configure:22625: $? = 0
configure:22628: test -s conftest
configure:22631: $? = 0
configure:22641: result: yes
configure:22845: checking if poll really works
configure:22907: gcc -o conftest -g -O2 -Qunused-arguments -Wno-error=implicit-function-declaration -no-cpp-precomp -D_DARWIN_C_SOURCE -DNDEBUG  -Wl,-search_paths_first conftest.c  >&5
configure:22910: $? = 0
configure:22912: ./conftest
configure:22915: $? = 1
configure: program exited with status 1
configure: failed program was:
#line 22855 "configure"
#include "confdefs.h"

#include <stdlib.h>
#include <stdio.h>
#include <unistd.h>
#include <fcntl.h>
#ifdef HAVE_POLL_H
#include <poll.h>
#else
#include <sys/poll.h>
#endif
int main(void) {
	struct pollfd myfds;
	int ret;

	/* check for Darwin bug with respect to "devices" */
	myfds.fd = open("/dev/null", 1);	/* O_WRONLY */
	if (myfds.fd < 0)
		myfds.fd = 0;
	myfds.events = POLLIN;
	myfds.revents = 0;

	ret = poll(&myfds, 1, 100);

	if (ret < 0 || (myfds.revents & POLLNVAL)) {
		ret = -1;
	} else {
		int fd = 0;
		if (!isatty(fd)) {
			fd = open("/dev/tty", 2);	/* O_RDWR */
		}
#ifdef HAVE_POSIX_OPENPT
		if (fd < 0) {
			fd = posix_openpt(O_RDWR);
		}
#endif

		if (fd >= 0) {
			/* also check with standard input */
			myfds.fd = fd;
			myfds.events = POLLIN;
			myfds.revents = 0;
			ret = poll(&myfds, 1, 100);
		} else {
			ret = -1;
		}
	}
	return(ret < 0);
}
configure:22927: result: no
configure:22934: checking for va_copy
configure:22958: gcc -o conftest -g -O2 -Qunused-arguments -Wno-error=implicit-function-declaration -no-cpp-precomp -D_DARWIN_C_SOURCE -DNDEBUG  -Wl,-search_paths_first conftest.c  >&5
configure:22961: $? = 0
configure:22964: test -s conftest
configure:22967: $? = 0
configure:22977: result: yes
configure:23207: checking for pid_t
configure:23228: gcc -c -g -O2 -Qunused-arguments -Wno-error=implicit-function-declaration -no-cpp-precomp -D_DARWIN_C_SOURCE -DNDEBUG conftest.c >&5
configure:23231: $? = 0
configure:23234: test -s conftest.o
configure:23237: $? = 0
configure:23247: result: yes
configure:23262: checking for unistd.h
configure:23297: result: yes
configure:23262: checking for vfork.h
configure:23272: gcc -E -D_DARWIN_C_SOURCE -DNDEBUG conftest.c
configure:23269:10: fatal error: 'vfork.h' file not found
#include <vfork.h>
         ^~~~~~~~~
1 error generated.
configure:23278: $? = 1
configure: failed program was:
#line 23268 "configure"
#include "confdefs.h"
#include <vfork.h>
configure:23297: result: no
configure:23310: checking for fork
configure:23347: gcc -o conftest -g -O2 -Qunused-arguments -Wno-error=implicit-function-declaration -no-cpp-precomp -D_DARWIN_C_SOURCE -DNDEBUG  -Wl,-search_paths_first conftest.c  >&5
configure:23350: $? = 0
configure:23353: test -s conftest
configure:23356: $? = 0
configure:23366: result: yes
configure:23310: checking for vfork
configure:23347: gcc -o conftest -g -O2 -Qunused-arguments -Wno-error=implicit-function-declaration -no-cpp-precomp -D_DARWIN_C_SOURCE -DNDEBUG  -Wl,-search_paths_first conftest.c  >&5
configure:23327:6: warning: incompatible redeclaration of library function 'vfork' [-Wincompatible-library-redeclaration]
char vfork (void);
     ^
configure:23327:6: note: 'vfork' is a builtin with type 'int (void)'
1 warning generated.
configure:23350: $? = 0
configure:23353: test -s conftest
configure:23356: $? = 0
configure:23366: result: yes
configure:23378: checking for working fork
configure:23421: result: yes
configure:23440: checking for working vfork
configure:23566: result: yes
configure:23597: checking if fopen accepts explicit binary mode
configure:23640: gcc -o conftest -g -O2 -Qunused-arguments -Wno-error=implicit-function-declaration -no-cpp-precomp -D_DARWIN_C_SOURCE -DNDEBUG  -Wl,-search_paths_first conftest.c  >&5
configure:23643: $? = 0
configure:23645: ./conftest
configure:23648: $? = 0
configure:23661: result: yes
configure:23670: checking for openpty in -lutil
configure:23697: gcc -o conftest -g -O2 -Qunused-arguments -Wno-error=implicit-function-declaration -no-cpp-precomp -D_DARWIN_C_SOURCE -DNDEBUG  -Wl,-search_paths_first conftest.c -lutil   >&5
configure:23700: $? = 0
configure:23703: test -s conftest
configure:23706: $? = 0
configure:23717: result: yes
configure:23725: checking for openpty header
configure:23769: gcc -o conftest -g -O2 -Qunused-arguments -Wno-error=implicit-function-declaration -no-cpp-precomp -D_DARWIN_C_SOURCE -DNDEBUG  -Wl,-search_paths_first conftest.c -lutil  >&5
configure:23754:10: fatal error: 'pty.h' file not found
#include <pty.h>
         ^~~~~~~
1 error generated.
configure:23772: $? = 1
configure: failed program was:
#line 23752 "configure"
#include "confdefs.h"

#include <pty.h>

int
main (void)
{

	int x = openpty((int *)0, (int *)0, (char *)0,
				   (struct termios *)0, (struct winsize *)0);

  ;
  return 0;
}
configure:23769: gcc -o conftest -g -O2 -Qunused-arguments -Wno-error=implicit-function-declaration -no-cpp-precomp -D_DARWIN_C_SOURCE -DNDEBUG  -Wl,-search_paths_first conftest.c -lutil  >&5
configure:23754:10: fatal error: 'libutil.h' file not found
#include <libutil.h>
         ^~~~~~~~~~~
1 error generated.
configure:23772: $? = 1
configure: failed program was:
#line 23752 "configure"
#include "confdefs.h"

#include <libutil.h>

int
main (void)
{

	int x = openpty((int *)0, (int *)0, (char *)0,
				   (struct termios *)0, (struct winsize *)0);

  ;
  return 0;
}
configure:23769: gcc -o conftest -g -O2 -Qunused-arguments -Wno-error=implicit-function-declaration -no-cpp-precomp -D_DARWIN_C_SOURCE -DNDEBUG  -Wl,-search_paths_first conftest.c -lutil  >&5
configure:23772: $? = 0
configure:23775: test -s conftest
configure:23778: $? = 0
configure:23796: result: util.h
configure:24438: checking if we should include stdbool.h
configure:24458: gcc -c -O2 -Qunused-arguments -Wno-error=implicit-function-declaration -no-cpp-precomp -D_DARWIN_C_SOURCE -DNDEBUG conftest.c >&5
configure:24451:1: error: use of undeclared identifier 'bool'
bool foo = false
^
1 error generated.
configure:24461: $? = 1
configure: failed program was:
#line 24446 "configure"
#include "confdefs.h"

int
main (void)
{
bool foo = false
  ;
  return 0;
}
configure:24490: gcc -c -O2 -Qunused-arguments -Wno-error=implicit-function-declaration -no-cpp-precomp -D_DARWIN_C_SOURCE -DNDEBUG conftest.c >&5
configure:24493: $? = 0
configure:24496: test -s conftest.o
configure:24499: $? = 0
configure:24513: result: yes
configure:24519: checking for builtin bool type
configure:24542: gcc -c -O2 -Qunused-arguments -Wno-error=implicit-function-declaration -no-cpp-precomp -D_DARWIN_C_SOURCE -DNDEBUG conftest.c >&5
configure:24535:1: error: use of undeclared identifier 'bool'
bool x = false
^
1 error generated.
configure:24545: $? = 1
configure: failed program was:
#line 24527 "configure"
#include "confdefs.h"

#include <stdio.h>
#include <sys/types.h>

int
main (void)
{
bool x = false
  ;
  return 0;
}
configure:24566: result: no
configure:24583: checking if we already have C++ library
configure:24600: /usr/bin/g++ -o conftest -O2 -D_DARWIN_C_SOURCE -DNDEBUG  -Wl,-search_paths_first conftest.cc   >&5
configure:24603: $? = 0
configure:24606: test -s conftest
configure:24609: $? = 0
configure:24618: result: yes
configure:24720: checking whether /usr/bin/g++ understands -c and -o together
configure:24735: /usr/bin/g++ -O2 -D_DARWIN_C_SOURCE -DNDEBUG -c conftest.cc -o conftest2.o >&5
configure:24738: $? = 0
configure:24740: /usr/bin/g++ -O2 -D_DARWIN_C_SOURCE -DNDEBUG -c conftest.cc -o conftest2.o >&5
configure:24743: $? = 0
configure:24754: result: yes
configure:24930: checking how to run the C++ preprocessor
configure:24952: /usr/bin/g++ -E -D_DARWIN_C_SOURCE -DNDEBUG conftest.cc
configure:24958: $? = 0
configure:24985: /usr/bin/g++ -E -D_DARWIN_C_SOURCE -DNDEBUG conftest.cc
configure:24982:10: fatal error: 'ac_nonexistent.h' file not found
#include <ac_nonexistent.h>
         ^~~~~~~~~~~~~~~~~~
1 error generated.
configure:24991: $? = 1
configure: failed program was:
#line 24981 "configure"
#include "confdefs.h"
#include <ac_nonexistent.h>
configure:25028: result: /usr/bin/g++ -E
configure:25043: /usr/bin/g++ -E -D_DARWIN_C_SOURCE -DNDEBUG conftest.cc
configure:25049: $? = 0
configure:25076: /usr/bin/g++ -E -D_DARWIN_C_SOURCE -DNDEBUG conftest.cc
configure:25073:10: fatal error: 'ac_nonexistent.h' file not found
#include <ac_nonexistent.h>
         ^~~~~~~~~~~~~~~~~~
1 error generated.
configure:25082: $? = 1
configure: failed program was:
#line 25072 "configure"
#include "confdefs.h"
#include <ac_nonexistent.h>
configure:25125: checking for typeinfo
configure:25135: /usr/bin/g++ -E -D_DARWIN_C_SOURCE -DNDEBUG conftest.cc
configure:25141: $? = 0
configure:25160: result: yes
configure:25173: checking for iostream
configure:25183: /usr/bin/g++ -E -D_DARWIN_C_SOURCE -DNDEBUG conftest.cc
configure:25189: $? = 0
configure:25208: result: yes
configure:25219: checking if iostream uses std-namespace
configure:25239: /usr/bin/g++ -c -O2 -D_DARWIN_C_SOURCE -DNDEBUG conftest.cc >&5
configure:25242: $? = 0
configure:25245: test -s conftest.o
configure:25248: $? = 0
configure:25257: result: yes
configure:25268: checking if we should include stdbool.h
configure:25343: result: yes
configure:25349: checking for builtin bool type
configure:25372: /usr/bin/g++ -c -O2 -D_DARWIN_C_SOURCE -DNDEBUG conftest.cc >&5
configure:25375: $? = 0
configure:25378: test -s conftest.o
configure:25381: $? = 0
configure:25394: result: yes
configure:25400: checking for bool
configure:25442: /usr/bin/g++ -c -O2 -D_DARWIN_C_SOURCE -DNDEBUG conftest.cc >&5
configure:25445: $? = 0
configure:25448: test -s conftest.o
configure:25451: $? = 0
configure:25461: result: yes
configure:25464: checking size of bool
configure:25733: /usr/bin/g++ -o conftest -O2 -D_DARWIN_C_SOURCE -DNDEBUG  -Wl,-search_paths_first conftest.cc  >&5
configure:25736: $? = 0
configure:25738: ./conftest
configure:25741: $? = 0
configure:25757: result: 1
configure:25763: checking for type of bool
configure:25824: /usr/bin/g++ -o conftest -O2 -D_DARWIN_C_SOURCE -DNDEBUG  -Wl,-search_paths_first conftest.cc  >&5
configure:25810:18: warning: result of comparison of constant 0 with expression of type 'bool' is always true [-Wtautological-constant-compare]
                if ((bool)(-x) >= 0)
                    ~~~~~~~~~~ ^  ~
1 warning generated.
configure:25827: $? = 0
configure:25829: ./conftest
configure:25832: $? = 0
configure:25849: result: unsigned char
configure:25861: checking for special defines needed for etip.h
configure:25893: /usr/bin/g++ -c -O2 -I./c++ -I./menu -Iinclude -I./include -D_DARWIN_C_SOURCE -DNDEBUG conftest.cc >&5
configure:25896: $? = 0
configure:25899: test -s conftest.o
configure:25902: $? = 0
configure:25923: result:  
configure:25928: checking if /usr/bin/g++ accepts parameter initialization
configure:25964: /usr/bin/g++ -o conftest -O2 -D_DARWIN_C_SOURCE -DNDEBUG  -Wl,-search_paths_first conftest.cc  >&5
configure:25955:16: error: redefinition of default argument
TEST::TEST(int x = 1)   // some compilers do not like second initializer
               ^   ~
configure:25951:11: note: previous definition is here
        TEST(int x = 1);
                 ^   ~
1 error generated.
configure:25967: $? = 1
configure: program exited with status 1
configure: failed program was:
#line 25945 "configure"
#include "confdefs.h"

class TEST {
private:
	int value;
public:
	TEST(int x = 1);
	~TEST();
};

TEST::TEST(int x = 1)	// some compilers do not like second initializer
{
	value = x;
}
int main(void) { }

configure:25991: result: no
configure:26001: checking if /usr/bin/g++ accepts static_cast
configure:26059: /usr/bin/g++ -c -O2 -D_DARWIN_C_SOURCE -DNDEBUG conftest.cc >&5
configure:26062: $? = 0
configure:26065: test -s conftest.o
configure:26068: $? = 0
configure:26086: result: yes
configure:26649: checking for gnat
configure:26678: result: no
configure:26649: checking for gnatmake
configure:26678: result: no
configure:26649: checking for gprconfig
configure:26678: result: no
configure:26649: checking for gprbuild
configure:26678: result: no
configure:27529: checking for library subsets
configure:27583: result: ticlib+termlib+ext_tinfo+base+ext_funcs
configure:27614: checking default library suffix
configure:27625: result: 
configure:27628: checking default library-dependency suffix
configure:27711: result: .a
configure:27714: checking default object directory
configure:27730: result: objects
configure:27734: checking c++ library-dependency suffix
configure:27827: result: .a
configure:28092: checking where we will install curses.h
configure:28102: result: ${prefix}/include/ncurses
configure:28138: checking for desired basename for form library
configure:28158: result: form
configure:28161: checking for desired basename for menu library
configure:28181: result: menu
configure:28184: checking for desired basename for panel library
configure:28204: result: panel
configure:28207: checking for desired basename for cxx library
configure:28227: result: ncurses++
configure:28233: checking for src modules
configure:28302: result: ncurses progs panel menu form
configure:28474: checking for defines to add to ncurses6-config script
configure:28490: result:  -D_DARWIN_C_SOURCE
configure:28578: checking for linker search path
configure:28667: result: $HOME/lib /usr/local/lib /usr/lib
configure:28757: creating ./config.status

## ----------------------- ##
## Running config.status.  ##
## ----------------------- ##

This file was extended by config.status 2.52.20210509, executed with
  CONFIG_FILES    = 
  CONFIG_HEADERS  = 
  CONFIG_LINKS    = 
  CONFIG_COMMANDS = 
  > "./config.status "
on cbr13s1.42barcelona.com

config.status:29593: creating include/MKterm.h.awk
config.status:29593: creating include/curses.head
config.status:29593: creating include/ncurses_dll.h
config.status:29593: creating include/termcap.h
config.status:29593: creating include/unctrl.h
config.status:29593: creating man/Makefile
config.status:29593: creating include/Makefile
config.status:29593: creating ncurses/Makefile
config.status:29593: creating progs/Makefile
config.status:29593: creating panel/Makefile
config.status:29593: creating menu/Makefile
config.status:29593: creating form/Makefile
config.status:29593: creating test/Makefile
config.status:29593: creating misc/Makefile
config.status:29593: creating c++/Makefile
config.status:29593: creating misc/run_tic.sh
config.status:29593: creating misc/ncurses-config
config.status:29593: creating man/ncurses6-config.1
config.status:29593: creating Makefile
config.status:29746: creating include/ncurses_cfg.h

## ----------------- ##
## Cache variables.  ##
## ----------------- ##

ac_cv_build=x86_64-apple-darwin19.6.0
ac_cv_build_alias=x86_64-apple-darwin19.6.0
ac_cv_c_compiler_gnu=yes
ac_cv_c_const=yes
ac_cv_c_inline=inline
ac_cv_cxx_compiler_gnu=yes
ac_cv_env_CC_set=
ac_cv_env_CC_value=
ac_cv_env_CFLAGS_set=
ac_cv_env_CFLAGS_value=
ac_cv_env_CPPFLAGS_set=
ac_cv_env_CPPFLAGS_value=
ac_cv_env_CPP_set=
ac_cv_env_CPP_value=
ac_cv_env_CXXCPP_set=
ac_cv_env_CXXCPP_value=
ac_cv_env_CXXFLAGS_set=
ac_cv_env_CXXFLAGS_value=
ac_cv_env_CXX_set=
ac_cv_env_CXX_value=
ac_cv_env_LDFLAGS_set=
ac_cv_env_LDFLAGS_value=
ac_cv_env_build_alias_set=
ac_cv_env_build_alias_value=
ac_cv_env_host_alias_set=
ac_cv_env_host_alias_value=
ac_cv_env_target_alias_set=
ac_cv_env_target_alias_value=
ac_cv_func_fork=yes
ac_cv_func_fork_works=yes
ac_cv_func_fseeko=yes
ac_cv_func_getcwd=yes
ac_cv_func_getegid=yes
ac_cv_func_getenv=yes
ac_cv_func_geteuid=yes
ac_cv_func_getopt=yes
ac_cv_func_gettimeofday=yes
ac_cv_func_getttynam=yes
ac_cv_func_issetugid=yes
ac_cv_func_link=yes
ac_cv_func_localeconv=yes
ac_cv_func_memmove=yes
ac_cv_func_poll=yes
ac_cv_func_putenv=yes
ac_cv_func_regcomp=yes
ac_cv_func_remove=yes
ac_cv_func_select=yes
ac_cv_func_setbuf=yes
ac_cv_func_setbuffer=yes
ac_cv_func_setenv=yes
ac_cv_func_setfsuid=no
ac_cv_func_setvbuf=yes
ac_cv_func_setvbuf_reversed=no
ac_cv_func_sigaction=yes
ac_cv_func_sigvec=yes
ac_cv_func_snprintf=yes
ac_cv_func_strdup=yes
ac_cv_func_strstr=yes
ac_cv_func_symlink=yes
ac_cv_func_sysconf=yes
ac_cv_func_tcgetpgrp=yes
ac_cv_func_times=yes
ac_cv_func_tsearch=yes
ac_cv_func_unlink=yes
ac_cv_func_vfork=yes
ac_cv_func_vfork_works=yes
ac_cv_func_vsnprintf=yes
ac_cv_header_dirent_dirent_h=yes
ac_cv_header_fcntl_h=yes
ac_cv_header_getopt_h=yes
ac_cv_header_gpm_h=no
ac_cv_header_inttypes_h=yes
ac_cv_header_iostream=yes
ac_cv_header_limits_h=yes
ac_cv_header_locale_h=yes
ac_cv_header_math_h=yes
ac_cv_header_memory_h=yes
ac_cv_header_poll_h=yes
ac_cv_header_stdc=yes
ac_cv_header_stdint_h=yes
ac_cv_header_stdlib_h=yes
ac_cv_header_string_h=yes
ac_cv_header_strings_h=yes
ac_cv_header_sys_ioctl_h=yes
ac_cv_header_sys_param_h=yes
ac_cv_header_sys_poll_h=yes
ac_cv_header_sys_select_h=yes
ac_cv_header_sys_stat_h=yes
ac_cv_header_sys_termio_h=no
ac_cv_header_sys_time_h=yes
ac_cv_header_sys_times_h=yes
ac_cv_header_sys_types_h=yes
ac_cv_header_termio_h=no
ac_cv_header_termios_h=yes
ac_cv_header_time=yes
ac_cv_header_ttyent_h=yes
ac_cv_header_typeinfo=yes
ac_cv_header_unistd_h=yes
ac_cv_header_vfork_h=no
ac_cv_header_wctype_h=yes
ac_cv_host=x86_64-apple-darwin19.6.0
ac_cv_host_alias=x86_64-apple-darwin19.6.0
ac_cv_lib_dir_opendir=no
ac_cv_lib_util_openpty=yes
ac_cv_objext=o
ac_cv_path_CXX=/usr/bin/g++
ac_cv_path_EGREP='grep -E'
ac_cv_path_FGREP='grep -F'
ac_cv_path_ac_pt_PKG_CONFIG=none
ac_cv_path_install='/usr/bin/install -c'
ac_cv_prog_AWK=awk
ac_cv_prog_CPP='gcc -E'
ac_cv_prog_CTAGS=ctags
ac_cv_prog_CXXCPP='/usr/bin/g++ -E'
ac_cv_prog_GREP=grep
ac_cv_prog_MAKE_LOWER_TAGS=yes
ac_cv_prog_ac_ct_AR=ar
ac_cv_prog_ac_ct_CC=gcc
ac_cv_prog_ac_ct_CXX=g++
ac_cv_prog_ac_ct_INFOCMP=infocmp
ac_cv_prog_ac_ct_LD=ld
ac_cv_prog_ac_ct_NM=nm
ac_cv_prog_ac_ct_RANLIB=ranlib
ac_cv_prog_ac_ct_TIC=tic
ac_cv_prog_cc_g=yes
ac_cv_prog_cc_stdc=
ac_cv_prog_cxx_g=yes
ac_cv_prog_gcc_traditional=no
ac_cv_prog_make_make_set=yes
ac_cv_sizeof_bool=1
ac_cv_sizeof_signed_char=1
ac_cv_sys_file_offset_bits=no
ac_cv_sys_large_files=no
ac_cv_sys_largefile_CC=no
ac_cv_sys_largefile_source=no
ac_cv_sys_long_file_names=yes
ac_cv_target=x86_64-apple-darwin19.6.0
ac_cv_target_alias=x86_64-apple-darwin19.6.0
ac_cv_type_bool=yes
ac_cv_type_intptr_t=yes
ac_cv_type_pid_t=yes
ac_cv_type_signed_char=yes
ac_cv_type_ssize_t=yes
am_cv_langinfo_codeset=yes
cf_cv_1UL=1U
cf_cv_PATH_GNAT=no
cf_cv_PATH_GNATMAKE=no
cf_cv_PATH_GPRBUILD=no
cf_cv_PATH_GPRCONFIG=no
cf_cv_VERSION_GNAT=no
cf_cv_VERSION_GNATMAKE=no
cf_cv_VERSION_GPRBUILD=no
cf_cv_VERSION_GPRCONFIG=no
cf_cv_abi_version=6
cf_cv_ar_flags=-curv
cf_cv_builtin_bool=1
cf_cv_c11_noreturn=no,
cf_cv_cc_bool_type=0
cf_cv_consistent_getenv=yes
cf_cv_cpp_param_init=no
cf_cv_cpp_static_cast=yes
cf_cv_dcl_environ=no
cf_cv_dcl_errno=yes
cf_cv_define_sigwinch=yes
cf_cv_do_reranlib=no
cf_cv_do_symlinks=yes
cf_cv_enable_lp64=1
cf_cv_enable_opaque=NCURSES_OPAQUE
cf_cv_enable_reentrant=0
cf_cv_fopen_bin_r=yes
cf_cv_func_mkstemp=yes
cf_cv_func_nanosleep=yes
cf_cv_func_openpty=util.h
cf_cv_func_vsscanf=vsscanf
cf_cv_getopt_header=unistd.h
cf_cv_have_environ=yes
cf_cv_have_errno=yes
cf_cv_have_isascii=yes
cf_cv_have_tcgetattr=yes
cf_cv_have_va_copy=yes
cf_cv_header_stdbool_h=1
cf_cv_install_p=yes
cf_cv_ld_searchpath='$HOME/lib /usr/local/lib /usr/lib'
cf_cv_ldflags_search_paths_first=yes
cf_cv_lib_util=yes
cf_cv_link_dataonly=yes
cf_cv_link_funcs=' link symlink'
cf_cv_make_PHONY=yes
cf_cv_makeflags=
cf_cv_mixedcase=no
cf_cv_need_libm=no
cf_cv_posix_visible=no
cf_cv_prog_CC_c_o=yes
cf_cv_prog_CXX_c_o=yes
cf_cv_prog_gnat_correct=no
cf_cv_regex_hdrs=regex.h
cf_cv_rel_version=6.3
cf_cv_rm_so_locs=no
cf_cv_shlib_version=abi
cf_cv_shlib_version_infix=yes
cf_cv_sig_atomic_t='volatile sig_atomic_t'
cf_cv_sizechange=yes
cf_cv_src_modules='ncurses progs panel menu form'
cf_cv_struct_dirent64=no
cf_cv_sys_time_select=yes
cf_cv_system_name=darwin19.6.0
cf_cv_timestamp='Mon May 20 15:27:39 CEST 2024'
cf_cv_type_of_bool='unsigned char'
cf_cv_type_sigaction=no
cf_cv_typeof_chtype=uint32_t
cf_cv_typeof_mmask_t=uint32_t
cf_cv_unsigned_literals=yes
cf_cv_working_poll=no

## ------------ ##
## confdefs.h.  ##
## ------------ ##

#define PACKAGE "ncurses"
#define NCURSES_VERSION "6.3"
#define NCURSES_PATCHDATE 20211021
#define SYSTEM_NAME "darwin19.6.0"
#ifdef __cplusplus
#include <stdlib.h>
#endif
#define HAVE_LONG_FILE_NAMES 1
#define TERMINFO_DIRS "/Users/avolcy/local/share/terminfo"
#define TERMINFO "/Users/avolcy/local/share/terminfo"
#define HAVE_BIG_CORE 1
#define PURE_TERMINFO 1
#define USE_HOME_TERMINFO 1
#define USE_ROOT_ENVIRON 1
#define USE_ROOT_ACCESS 1
#define HAVE_UNISTD_H 1
#define HAVE_REMOVE 1
#define HAVE_UNLINK 1
#define HAVE_LINK 1
#define HAVE_SYMLINK 1
#define USE_LINKS 1
#define HAVE_LANGINFO_CODESET 1
#define HAVE_FSEEKO 1
#define RGB_PATH "/usr/lib64/X11/rgb.txt"
#define STDC_HEADERS 1
#define HAVE_SYS_TYPES_H 1
#define HAVE_SYS_STAT_H 1
#define HAVE_STDLIB_H 1
#define HAVE_STRING_H 1
#define HAVE_MEMORY_H 1
#define HAVE_STRINGS_H 1
#define HAVE_INTTYPES_H 1
#define HAVE_STDINT_H 1
#define HAVE_UNISTD_H 1
#define SIZEOF_SIGNED_CHAR 1
#define NCURSES_EXT_FUNCS 1
#define HAVE_ASSUME_DEFAULT_COLORS 1
#define HAVE_CURSES_VERSION 1
#define HAVE_HAS_KEY 1
#define HAVE_RESIZETERM 1
#define HAVE_RESIZE_TERM 1
#define HAVE_TERM_ENTRY_H 1
#define HAVE_USE_DEFAULT_COLORS 1
#define HAVE_USE_EXTENDED_NAMES 1
#define HAVE_USE_SCREEN 1
#define HAVE_USE_WINDOW 1
#define HAVE_WRESIZE 1
#define NCURSES_SP_FUNCS 1
#define HAVE_TPUTS_SP 1
#define NCURSES_EXT_PUTWIN 1
#define NCURSES_NO_PADDING 1
#define USE_SIGWINCH 1
#define NCURSES_WRAP_PREFIX "_nc_"
#define USE_ASSUMED_COLOR 1
#define USE_HASHMAP 1
#define GCC_SCANF 1
#define GCC_SCANF 1
#define GCC_SCANFLIKE(fmt,var) __attribute__((format(scanf,fmt,var)))
#define GCC_PRINTF 1
#define GCC_PRINTF 1
#define GCC_PRINTFLIKE(fmt,var) __attribute__((format(printf,fmt,var)))
#define GCC_UNUSED __attribute__((unused))
#define GCC_UNUSED __attribute__((unused))
#define GCC_NORETURN __attribute__((noreturn))
#define GCC_NORETURN __attribute__((noreturn))
#define HAVE_NC_ALLOC_H 1
#define HAVE_GETTIMEOFDAY 1
#define STDC_HEADERS 1
#define HAVE_DIRENT_H 1
#define TIME_WITH_SYS_TIME 1
#define HAVE_REGEX_H_FUNCS 1
#define HAVE_FCNTL_H 1
#define HAVE_GETOPT_H 1
#define HAVE_LIMITS_H 1
#define HAVE_LOCALE_H 1
#define HAVE_MATH_H 1
#define HAVE_POLL_H 1
#define HAVE_SYS_IOCTL_H 1
#define HAVE_SYS_PARAM_H 1
#define HAVE_SYS_POLL_H 1
#define HAVE_SYS_SELECT_H 1
#define HAVE_SYS_TIME_H 1
#define HAVE_SYS_TIMES_H 1
#define HAVE_TTYENT_H 1
#define HAVE_UNISTD_H 1
#define HAVE_WCTYPE_H 1
#define HAVE_UNISTD_H 1
#define HAVE_GETOPT_H 1
#define HAVE_GETOPT_HEADER 1
#define DECL_ENVIRON 1
#define HAVE_ENVIRON 1
#define HAVE_PUTENV 1
#define HAVE_SETENV 1
#define HAVE_STRDUP 1
#define HAVE_SYS_TIME_SELECT 1
#define SIG_ATOMIC_T volatile sig_atomic_t
#define HAVE_ERRNO 1
#define HAVE_GETCWD 1
#define HAVE_GETEGID 1
#define HAVE_GETEUID 1
#define HAVE_GETOPT 1
#define HAVE_GETTTYNAM 1
#define HAVE_ISSETUGID 1
#define HAVE_LOCALECONV 1
#define HAVE_POLL 1
#define HAVE_PUTENV 1
#define HAVE_REMOVE 1
#define HAVE_SELECT 1
#define HAVE_SETBUF 1
#define HAVE_SETBUFFER 1
#define HAVE_SETENV 1
#define HAVE_SETVBUF 1
#define HAVE_SIGACTION 1
#define HAVE_SIGVEC 1
#define HAVE_SNPRINTF 1
#define HAVE_STRDUP 1
#define HAVE_STRSTR 1
#define HAVE_SYSCONF 1
#define HAVE_TCGETPGRP 1
#define HAVE_TIMES 1
#define HAVE_TSEARCH 1
#define HAVE_VSNPRINTF 1
#define HAVE_ISASCII 1
#define HAVE_NANOSLEEP 1
#define HAVE_TERMIOS_H 1
#define HAVE_UNISTD_H 1
#define HAVE_SYS_IOCTL_H 1
#define HAVE_TCGETATTR 1
#define HAVE_VSSCANF 1
#define HAVE_UNISTD_H 1
#define HAVE_MKSTEMP 1
#define HAVE_SIZECHANGE 1
#define HAVE_VA_COPY 1
#define HAVE_UNISTD_H 1
#define HAVE_FORK 1
#define HAVE_VFORK 1
#define HAVE_WORKING_VFORK 1
#define HAVE_WORKING_FORK 1
#define USE_FOPEN_BIN_R 1
#define USE_OPENPTY_HEADER <util.h>
#define USE_XTERM_PTY 1
#define HAVE_TYPEINFO 1
#define HAVE_IOSTREAM 1
#define IOSTREAM_NAMESPACE 1
#define SIZEOF_BOOL 1
#define CPP_HAS_STATIC_CAST 1
#define HAVE_SLK_COLOR 1
#define HAVE_PANEL_H 1
#define HAVE_LIBPANEL 1
#define HAVE_MENU_H 1
#define HAVE_LIBMENU 1
#define HAVE_FORM_H 1
#define HAVE_LIBFORM 1
#define NCURSES_PATHSEP ':'
#define NCURSES_VERSION_STRING "6.3.20211021"
#define NCURSES_OSPEED_COMPAT 1
#define HAVE_CURSES_DATA_BOOLNAMES 1


configure: exit 0
